<?xml version="1.0" encoding="UTF-8"?>
<robot generator="Robot 7.4 (Python 3.13.11 on win32)" generated="2025-12-21T14:55:23.431577" rpa="false" schemaversion="5">
<suite id="s1" name="OnTop" source="C:\Users\matth\PycharmProjects\OnTop">
<suite id="s1-s1" name="Resources" source="C:\Users\matth\PycharmProjects\OnTop\Resources">
<suite id="s1-s1-s1" name="Controls" source="C:\Users\matth\PycharmProjects\OnTop\Resources\Controls">
<suite id="s1-s1-s1-s1" name="Table Tests" source="C:\Users\matth\PycharmProjects\OnTop\Resources\Controls\Table_Tests.robot">
<test id="s1-s1-s1-s1-t1" name="Chromium_Table_Tests_AllModus" line="11">
<kw name="Setup AUT Chromium" owner="Browser_Mgmt">
<kw name="Set up browser" owner="Browser_Mgmt">
<kw name="New Browser" owner="Browser">
<msg time="2025-12-21T14:55:24.484095" level="INFO">{"browser": "chromium", "headless": false, "chromiumSandbox": false, "devtools": false, "handleSIGHUP": true, "handleSIGINT": true, "handleSIGTERM": true, "slowMo": 1000.0, "timeout": 30000.0, "tracesDir": "C:\\Users\\matth\\PycharmProjects\\OnTop\\browser\\traces\\temp\\62d31511-8d6e-441c-9674-88ba6c06acfc"}</msg>
<msg time="2025-12-21T14:55:24.508164" level="INFO">Starting Browser process C:\Users\matth\PycharmProjects\OnTop\.venv\Lib\site-packages\Browser\wrapper\index.js using at 127.0.0.1:60642</msg>
<msg time="2025-12-21T14:55:25.921442" level="INFO">Successfully created browser with options: {"browser":"chromium","headless":false,"chromiumSandbox":false,"devtools":false,"handleSIGHUP":true,"handleSIGINT":true,"handleSIGTERM":true,"slowMo":1000,"timeout":30000,"tracesDir":"C:\\Users\\matth\\PycharmProjects\\OnTop\\browser\\traces\\temp\\62d31511-8d6e-441c-9674-88ba6c06acfc"}</msg>
<arg>browser=${browser}</arg>
<arg>headless=${headless}</arg>
<arg>slowMo=${slowMo}</arg>
<tag>BrowserControl</tag>
<tag>Setter</tag>
<doc>Create a new playwright Browser with specified options.</doc>
<status status="PASS" start="2025-12-21T14:55:24.483407" elapsed="1.438215"/>
</kw>
<kw name="New Context" owner="Browser">
<msg time="2025-12-21T14:55:25.924112" level="INFO">{
  "acceptDownloads": true,
  "bypassCSP": false,
  "forcedColors": "none",
  "ignoreHTTPSErrors": false,
  "javaScriptEnabled": true,
  "offline": false,
  "reducedMotion": "no-preference",
  "serviceWorkers": "allow",
  "viewport": {
    "width": 1280,
    "height": 720
  }
}</msg>
<msg time="2025-12-21T14:55:25.938447" level="INFO">Successfully created context. </msg>
<msg time="2025-12-21T14:55:25.938525" level="INFO">{'acceptDownloads': True, 'bypassCSP': False, 'forcedColors': 'none', 'ignoreHTTPSErrors': False, 'javaScriptEnabled': True, 'offline': False, 'reducedMotion': 'no-preference', 'serviceWorkers': 'allow', 'viewport': {'width': 1280, 'height': 720}}</msg>
<arg>viewport=${viewport}</arg>
<tag>BrowserControl</tag>
<tag>Setter</tag>
<doc>Create a new BrowserContext with specified options.</doc>
<status status="PASS" start="2025-12-21T14:55:25.921937" elapsed="0.016675"/>
</kw>
<kw name="New Page" owner="Browser">
<msg time="2025-12-21T14:55:27.582087" level="INFO">Successfully initialized new page object and opened url: https://app.tt-planer.de/login</msg>
<arg>url=${url}</arg>
<tag>BrowserControl</tag>
<tag>Setter</tag>
<doc>Open a new Page.</doc>
<status status="PASS" start="2025-12-21T14:55:25.938877" elapsed="1.643390"/>
</kw>
<kw name="Get Browser Ids" owner="Browser">
<msg time="2025-12-21T14:55:27.589017" level="INFO">${tmpSessionIds} = ['browser=42c8930a-dc1a-4738-82f9-f1a559b46097']</msg>
<var>${tmpSessionIds}</var>
<tag>Assertion</tag>
<tag>BrowserControl</tag>
<tag>Getter</tag>
<doc>Returns a list of ids from open browsers.
See `Browser, Context and Page` for more information about Browser and related concepts.</doc>
<status status="PASS" start="2025-12-21T14:55:27.582505" elapsed="0.006552"/>
</kw>
<kw name="Remove String" owner="String">
<msg time="2025-12-21T14:55:27.589618" level="INFO">${tmpSessionId} = 42c8930a-dc1a-4738-82f9-f1a559b46097</msg>
<var>${tmpSessionId}</var>
<arg>${tmpSessionIds}[0]</arg>
<arg>browser=</arg>
<doc>Removes all ``removables`` from the given ``string``.</doc>
<status status="PASS" start="2025-12-21T14:55:27.589268" elapsed="0.000379"/>
</kw>
<kw name="Set Global Variable" owner="BuiltIn">
<msg time="2025-12-21T14:55:27.590696" level="INFO">${session_id} = 42c8930a-dc1a-4738-82f9-f1a559b46097</msg>
<arg>${session_id}</arg>
<arg>${tmpSessionId}</arg>
<doc>Makes a variable available globally in all tests and suites.</doc>
<status status="PASS" start="2025-12-21T14:55:27.589802" elapsed="0.000937"/>
</kw>
<kw name="Log" owner="BuiltIn">
<msg time="2025-12-21T14:55:27.591141" level="INFO">42c8930a-dc1a-4738-82f9-f1a559b46097</msg>
<arg>${session_id}</arg>
<doc>Logs the given message with the given level.</doc>
<status status="PASS" start="2025-12-21T14:55:27.590874" elapsed="0.000308"/>
</kw>
<kw name="Get Title" owner="Browser">
<msg time="2025-12-21T14:55:27.594044" level="INFO">Title: 'Login | TT-Planer'</msg>
<tag>Assertion</tag>
<tag>Getter</tag>
<tag>PageContent</tag>
<doc>Returns the title of the current page.</doc>
<status status="PASS" start="2025-12-21T14:55:27.591315" elapsed="0.002791"/>
</kw>
<kw name="Get Browser Catalog" owner="Browser">
<msg time="2025-12-21T14:55:27.597220" level="INFO">${catalog} = [{'type': 'chromium', 'id': 'browser=42c8930a-dc1a-4738-82f9-f1a559b46097', 'contexts': [{'type': 'context', 'id': 'context=b03ff4cf-3b13-4068-9df8-ed65c2c79c82', 'activePage': 'page=6f922527-1c9d-4e7...</msg>
<var>${catalog}</var>
<tag>Assertion</tag>
<tag>BrowserControl</tag>
<tag>Getter</tag>
<doc>Returns all browsers, open contexts in them and open pages in these contexts.</doc>
<status status="PASS" start="2025-12-21T14:55:27.594288" elapsed="0.002967"/>
</kw>
<kw name="Log" owner="BuiltIn">
<msg time="2025-12-21T14:55:27.597796" level="INFO">[{'type': 'chromium', 'id': 'browser=42c8930a-dc1a-4738-82f9-f1a559b46097', 'contexts': [{'type': 'context', 'id': 'context=b03ff4cf-3b13-4068-9df8-ed65c2c79c82', 'activePage': 'page=6f922527-1c9d-4e7e-9509-b4de4968f8de', 'pages': [{'type': 'page', 'title': 'Login | TT-Planer', 'url': 'https://app.tt-planer.de/login', 'id': 'page=6f922527-1c9d-4e7e-9509-b4de4968f8de', 'timestamp': 1766325326.059}]}], 'activeContext': 'context=b03ff4cf-3b13-4068-9df8-ed65c2c79c82', 'activeBrowser': True}]</msg>
<arg>${catalog}</arg>
<doc>Logs the given message with the given level.</doc>
<status status="PASS" start="2025-12-21T14:55:27.597439" elapsed="0.000401"/>
</kw>
<status status="PASS" start="2025-12-21T14:55:24.482494" elapsed="3.115418"/>
</kw>
<kw name="InitializeVariableStorage" owner="fwVariables">
<kw name="Create Dictionary" owner="BuiltIn">
<msg time="2025-12-21T14:55:27.598726" level="INFO">&amp;{variableStorage} = { }</msg>
<var>&amp;{variableStorage}</var>
<doc>Creates and returns a dictionary based on the given ``items``.</doc>
<status status="PASS" start="2025-12-21T14:55:27.598381" elapsed="0.000372"/>
</kw>
<status status="PASS" start="2025-12-21T14:55:27.598054" elapsed="0.000765"/>
</kw>
<kw name="SetVariableValue" owner="fwVariables">
<kw name="Set To Dictionary" owner="Collections">
<arg>${variableStorage}</arg>
<arg>$${theVariable}</arg>
<arg>${theValue}</arg>
<doc>Adds the given ``key_value_pairs`` and/or ``items`` to the ``dictionary``.</doc>
<status status="PASS" start="2025-12-21T14:55:27.599266" elapsed="0.000344"/>
</kw>
<arg>AUT</arg>
<arg>Chromium</arg>
<status status="PASS" start="2025-12-21T14:55:27.598947" elapsed="0.000733"/>
</kw>
<status status="PASS" start="2025-12-21T14:55:24.482034" elapsed="3.117703"/>
</kw>
<kw name="DialogExecution" owner="fwDialog">
<kw name="If Relevant Resolve Dialog Record" owner="fwDialog">
<kw name="Convert To String" owner="BuiltIn">
<msg time="2025-12-21T14:55:27.601279" level="INFO">${tmpDialogRecord} = 001_Login_001_Successful</msg>
<var>${tmpDialogRecord}</var>
<arg>${DialogRecord}</arg>
<doc>Converts the given item to a Unicode string.</doc>
<status status="PASS" start="2025-12-21T14:55:27.600960" elapsed="0.000346"/>
</kw>
<kw name="Evaluate" owner="BuiltIn">
<msg time="2025-12-21T14:55:27.602428" level="INFO">${StartsWithResolve} = False</msg>
<var>${StartsWithResolve}</var>
<arg>'${DialogRecord}'.startswith("&lt;RESOLVE ")</arg>
<doc>Evaluates the given expression in Python and returns the result.</doc>
<status status="PASS" start="2025-12-21T14:55:27.601553" elapsed="0.000904"/>
</kw>
<if>
<branch type="IF" condition="${StartsWithResolve}">
<kw name="Log" owner="BuiltIn">
<arg>Resolve identifiziert</arg>
<doc>Logs the given message with the given level.</doc>
<status status="NOT RUN" start="2025-12-21T14:55:27.602803" elapsed="0.000103"/>
</kw>
<kw name="Evaluate" owner="BuiltIn">
<var>${start_removed}</var>
<arg>'${DialogRecord}'[9:]</arg>
<doc>Evaluates the given expression in Python and returns the result.</doc>
<status status="NOT RUN" start="2025-12-21T14:55:27.603036" elapsed="0.000099"/>
</kw>
<kw name="Evaluate" owner="BuiltIn">
<var>${ResolveVariable}</var>
<arg>'${start_removed}'[:-1]</arg>
<doc>Evaluates the given expression in Python and returns the result.</doc>
<status status="NOT RUN" start="2025-12-21T14:55:27.603265" elapsed="0.000097"/>
</kw>
<kw name="GetVariableValue" owner="fwVariables">
<var>${tmpDialogRecord}</var>
<arg>${ResolveVariable}</arg>
<status status="NOT RUN" start="2025-12-21T14:55:27.603515" elapsed="0.000101"/>
</kw>
<status status="NOT RUN" start="2025-12-21T14:55:27.602550" elapsed="0.001113"/>
</branch>
<status status="PASS" start="2025-12-21T14:55:27.602524" elapsed="0.001180"/>
</if>
<return>
<value>${tmpDialogRecord}</value>
<status status="PASS" start="2025-12-21T14:55:27.603743" elapsed="0.000118"/>
</return>
<msg time="2025-12-21T14:55:27.603982" level="INFO">${DialogRecord} = 001_Login_001_Successful</msg>
<var>${DialogRecord}</var>
<arg>${DialogRecord}</arg>
<status status="PASS" start="2025-12-21T14:55:27.600634" elapsed="0.003372"/>
</kw>
<kw name="InitializeDialogData" owner="fwDialog">
<kw name="Catenate" owner="BuiltIn">
<msg time="2025-12-21T14:55:27.604856" level="INFO">${FullDialogInheritanceFilePath} = Data\Dialogs\DialogInheritance.xlsx</msg>
<var>${FullDialogInheritanceFilePath}</var>
<arg>SEPARATOR=</arg>
<arg>${DialogDir}</arg>
<arg>DialogInheritance.xlsx</arg>
<doc>Catenates the given items together and returns the resulted string.</doc>
<status status="PASS" start="2025-12-21T14:55:27.604527" elapsed="0.000356"/>
</kw>
<kw name="Open Excel Document" owner="ExcelLibrary">
<arg>filename=${FullDialogInheritanceFilePath}</arg>
<arg>doc_id=DialogInheritance</arg>
<doc>Opens xlsx document file.</doc>
<status status="PASS" start="2025-12-21T14:55:27.605021" elapsed="0.004790"/>
</kw>
<kw name="Read Excel Column" owner="ExcelLibrary">
<msg time="2025-12-21T14:55:27.610256" level="INFO">${DialogInheritanceFirstColumn} = ['Dialog', 'dlgLogin', 'dlgMain', 'dlgPasswordReset', 'dlgProfil', 'popAbwesenheitAnlegen', 'dlgVehicleInsuranceMain', 'dlgAutomobileInsurance', 'dlgTruckInsurance', 'dlgMotorcycleInsurance', 'dlgCamp...</msg>
<var>${DialogInheritanceFirstColumn}</var>
<arg>0</arg>
<arg>0</arg>
<doc>Returns content of a column from the current sheet of the document.</doc>
<status status="PASS" start="2025-12-21T14:55:27.609965" elapsed="0.000318"/>
</kw>
<kw name="Get Length" owner="BuiltIn">
<msg time="2025-12-21T14:55:27.610844" level="INFO">Length is 11.</msg>
<msg time="2025-12-21T14:55:27.610914" level="INFO">${DialogInheritanceRowCount} = 11</msg>
<var>${DialogInheritanceRowCount}</var>
<arg>${DialogInheritanceFirstColumn}</arg>
<doc>Returns and logs the length of the given item as an integer.</doc>
<status status="PASS" start="2025-12-21T14:55:27.610422" elapsed="0.000516"/>
</kw>
<for flavor="IN RANGE">
<iter>
<kw name="Read Excel Cell" owner="ExcelLibrary">
<msg time="2025-12-21T14:55:27.611776" level="INFO">${theDialogInheritanceRecord} = dlgLogin</msg>
<var>${theDialogInheritanceRecord}</var>
<arg>${row_index}</arg>
<arg>1</arg>
<doc>Returns content of a cell.</doc>
<status status="PASS" start="2025-12-21T14:55:27.611542" elapsed="0.000260"/>
</kw>
<kw name="Log" owner="BuiltIn">
<msg time="2025-12-21T14:55:27.612212" level="INFO">dlgLogin</msg>
<arg>${theDialogInheritanceRecord}</arg>
<doc>Logs the given message with the given level.</doc>
<status status="PASS" start="2025-12-21T14:55:27.611937" elapsed="0.000315"/>
</kw>
<if>
<branch type="IF" condition="$Dialog == $theDialogInheritanceRecord">
<kw name="Set Test Variable" owner="BuiltIn">
<msg time="2025-12-21T14:55:27.613883" level="INFO">${theDialog} = dlgLogin</msg>
<arg>${theDialog}</arg>
<arg>${Dialog}</arg>
<doc>Makes a variable available everywhere within the scope of the current test.</doc>
<status status="PASS" start="2025-12-21T14:55:27.613099" elapsed="0.000827"/>
</kw>
<kw name="Read Excel Cell" owner="ExcelLibrary">
<msg time="2025-12-21T14:55:27.614304" level="INFO">${tempBaseDialog} = None</msg>
<var>${tempBaseDialog}</var>
<arg>${row_index}</arg>
<arg>2</arg>
<doc>Returns content of a cell.</doc>
<status status="PASS" start="2025-12-21T14:55:27.614068" elapsed="0.000262"/>
</kw>
<kw name="Set Test Variable" owner="BuiltIn">
<msg time="2025-12-21T14:55:27.615218" level="INFO">${theBaseDialog} = None</msg>
<arg>${theBaseDialog}</arg>
<arg>${tempBaseDialog}</arg>
<doc>Makes a variable available everywhere within the scope of the current test.</doc>
<status status="PASS" start="2025-12-21T14:55:27.614471" elapsed="0.000788"/>
</kw>
<kw name="Read Excel Cell" owner="ExcelLibrary">
<msg time="2025-12-21T14:55:27.615625" level="INFO">${tempBaseDialog2} = None</msg>
<var>${tempBaseDialog2}</var>
<arg>${row_index}</arg>
<arg>3</arg>
<doc>Returns content of a cell.</doc>
<status status="PASS" start="2025-12-21T14:55:27.615393" elapsed="0.000257"/>
</kw>
<kw name="Set Test Variable" owner="BuiltIn">
<msg time="2025-12-21T14:55:27.616592" level="INFO">${theBaseDialog2} = None</msg>
<arg>${theBaseDialog2}</arg>
<arg>${tempBaseDialog2}</arg>
<doc>Makes a variable available everywhere within the scope of the current test.</doc>
<status status="PASS" start="2025-12-21T14:55:27.615788" elapsed="0.000851"/>
</kw>
<kw name="Read Excel Cell" owner="ExcelLibrary">
<msg time="2025-12-21T14:55:27.617003" level="INFO">${tempDialogTitle} = Login | TT-Planer</msg>
<var>${tempDialogTitle}</var>
<arg>${row_index}</arg>
<arg>4</arg>
<doc>Returns content of a cell.</doc>
<status status="PASS" start="2025-12-21T14:55:27.616774" elapsed="0.000254"/>
</kw>
<kw name="Set Test Variable" owner="BuiltIn">
<msg time="2025-12-21T14:55:27.617938" level="INFO">${theDialogTitle} = Login | TT-Planer</msg>
<arg>${theDialogTitle}</arg>
<arg>${tempDialogTitle}</arg>
<doc>Makes a variable available everywhere within the scope of the current test.</doc>
<status status="PASS" start="2025-12-21T14:55:27.617164" elapsed="0.000814"/>
</kw>
<kw name="Read Excel Cell" owner="ExcelLibrary">
<msg time="2025-12-21T14:55:27.618335" level="INFO">${tempDialogSelector} = None</msg>
<var>${tempDialogSelector}</var>
<arg>${row_index}</arg>
<arg>5</arg>
<doc>Returns content of a cell.</doc>
<status status="PASS" start="2025-12-21T14:55:27.618111" elapsed="0.000249"/>
</kw>
<kw name="Set Test Variable" owner="BuiltIn">
<msg time="2025-12-21T14:55:27.619306" level="INFO">${theDialogSelector} = None</msg>
<arg>${theDialogSelector}</arg>
<arg>${tempDialogSelector}</arg>
<doc>Makes a variable available everywhere within the scope of the current test.</doc>
<status status="PASS" start="2025-12-21T14:55:27.618500" elapsed="0.000846"/>
</kw>
<kw name="Exit For Loop" owner="BuiltIn">
<msg time="2025-12-21T14:55:27.619709" level="INFO">Exiting for loop altogether.</msg>
<doc>Stops executing the enclosing FOR loop.</doc>
<status status="PASS" start="2025-12-21T14:55:27.619479" elapsed="0.000293"/>
</kw>
<status status="PASS" start="2025-12-21T14:55:27.612328" elapsed="0.007488"/>
</branch>
<status status="PASS" start="2025-12-21T14:55:27.612310" elapsed="0.007551"/>
</if>
<var name="${row_index}">2</var>
<status status="PASS" start="2025-12-21T14:55:27.611336" elapsed="0.008551"/>
</iter>
<var>${row_index}</var>
<value>2</value>
<value>${DialogInheritanceRowCount} + 1</value>
<status status="PASS" start="2025-12-21T14:55:27.611002" elapsed="0.009143"/>
</for>
<kw name="Close Current Excel Document" owner="ExcelLibrary">
<doc>Closes current document.</doc>
<status status="PASS" start="2025-12-21T14:55:27.620302" elapsed="0.000160"/>
</kw>
<arg>${Dialog}</arg>
<status status="PASS" start="2025-12-21T14:55:27.604212" elapsed="0.016310"/>
</kw>
<kw name="CheckIfDialogExists" owner="fwDialog">
<kw name="GetVariableValue" owner="fwVariables">
<kw name="Log" owner="BuiltIn">
<msg time="2025-12-21T14:55:27.621701" level="INFO">AUT</msg>
<arg>${theVariable}</arg>
<doc>Logs the given message with the given level.</doc>
<status status="PASS" start="2025-12-21T14:55:27.621433" elapsed="0.000307"/>
</kw>
<kw name="Evaluate" owner="BuiltIn">
<msg time="2025-12-21T14:55:27.622650" level="INFO">${Value} = Chromium</msg>
<var>${Value}</var>
<arg>$variableStorage.get("$${theVariable}", "NULL")</arg>
<doc>Evaluates the given expression in Python and returns the result.</doc>
<status status="PASS" start="2025-12-21T14:55:27.621868" elapsed="0.000810"/>
</kw>
<return>
<value>${Value}</value>
<status status="PASS" start="2025-12-21T14:55:27.622733" elapsed="0.000114"/>
</return>
<msg time="2025-12-21T14:55:27.622961" level="INFO">${actualAUT} = Chromium</msg>
<var>${actualAUT}</var>
<arg>AUT</arg>
<status status="PASS" start="2025-12-21T14:55:27.621106" elapsed="0.001879"/>
</kw>
<if>
<branch type="IF" condition="'${theDialogTitle}' == '&lt;TitleFromPage&gt;'">
<return>
<status status="NOT RUN" start="2025-12-21T14:55:27.623508" elapsed="0.000091"/>
</return>
<status status="NOT RUN" start="2025-12-21T14:55:27.623052" elapsed="0.000604"/>
</branch>
<status status="PASS" start="2025-12-21T14:55:27.623037" elapsed="0.000653"/>
</if>
<if>
<branch type="IF" condition="'${theDialogTitle}' == 'Mein Profil | TT-Planer'">
<if>
<branch type="IF" condition="$actualAUT == 'Pixel9Pro_API35'">
<kw name="Log" owner="BuiltIn">
<arg>Not used yet!</arg>
<doc>Logs the given message with the given level.</doc>
<status status="NOT RUN" start="2025-12-21T14:55:27.624366" elapsed="0.000098"/>
</kw>
<status status="NOT RUN" start="2025-12-21T14:55:27.624176" elapsed="0.000332"/>
</branch>
<status status="NOT RUN" start="2025-12-21T14:55:27.624160" elapsed="0.000383"/>
</if>
<return>
<status status="NOT RUN" start="2025-12-21T14:55:27.624571" elapsed="0.000090"/>
</return>
<status status="NOT RUN" start="2025-12-21T14:55:27.623736" elapsed="0.000964"/>
</branch>
<status status="PASS" start="2025-12-21T14:55:27.623723" elapsed="0.001007"/>
</if>
<if>
<branch type="IF" condition="$actualAUT == 'Chromium'">
<kw name="Get Title" owner="Browser">
<msg time="2025-12-21T14:55:27.628905" level="INFO">Title: 'Login | TT-Planer'</msg>
<arg>==</arg>
<arg>${theDialogTitle}</arg>
<arg>Dialog not found!</arg>
<tag>Assertion</tag>
<tag>Getter</tag>
<tag>PageContent</tag>
<doc>Returns the title of the current page.</doc>
<status status="PASS" start="2025-12-21T14:55:27.625034" elapsed="0.003961"/>
</kw>
<return>
<status status="PASS" start="2025-12-21T14:55:27.629081" elapsed="0.000166"/>
</return>
<status status="PASS" start="2025-12-21T14:55:27.624775" elapsed="0.004518"/>
</branch>
<status status="PASS" start="2025-12-21T14:55:27.624762" elapsed="0.004572"/>
</if>
<if>
<branch type="IF" condition="$actualAUT == 'Pixel9Pro_API35'">
<kw name="Wait Until Element Text Is Correct" owner="fwDialog">
<arg>5</arg>
<arg>//android.webkit.WebView</arg>
<arg>${theDialogTitle}</arg>
<arg>1s</arg>
<status status="NOT RUN" start="2025-12-21T14:55:27.629709" elapsed="0.000105"/>
</kw>
<status status="NOT RUN" start="2025-12-21T14:55:27.629393" elapsed="0.000471"/>
</branch>
<status status="NOT RUN" start="2025-12-21T14:55:27.629377" elapsed="0.000521"/>
</if>
<status status="PASS" start="2025-12-21T14:55:27.620764" elapsed="0.009177"/>
</kw>
<kw name="InitializeDialogExecution" owner="fwDialog">
<kw name="Catenate" owner="BuiltIn">
<msg time="2025-12-21T14:55:27.630858" level="INFO">${FullDialogFilePath} = Data\Dialogs\dlgLogin.xlsx</msg>
<var>${FullDialogFilePath}</var>
<arg>SEPARATOR=</arg>
<arg>${DialogDir}</arg>
<arg>${Dialog}</arg>
<arg>.xlsx</arg>
<doc>Catenates the given items together and returns the resulted string.</doc>
<status status="PASS" start="2025-12-21T14:55:27.630498" elapsed="0.000386"/>
</kw>
<kw name="Open Excel Document" owner="ExcelLibrary">
<arg>filename=${FullDialogFilePath}</arg>
<arg>doc_id=actualDialog</arg>
<doc>Opens xlsx document file.</doc>
<status status="PASS" start="2025-12-21T14:55:27.631024" elapsed="0.013552"/>
</kw>
<kw name="Read Excel Row" owner="ExcelLibrary">
<msg time="2025-12-21T14:55:27.645102" level="INFO">${tmpDialogFirstRow} = ['Chromium', 'Web', "xpath=//*[@class='app-brand-link gap-2']", "xpath=//*[@class='alert alert-danger border-left-danger alert-dismissible fade show']", "xpath=//*[@class='alert alert-danger border-le...</msg>
<var>${tmpDialogFirstRow}</var>
<arg>0</arg>
<arg>0</arg>
<doc>Returns content of a row from the current sheet of the document.</doc>
<status status="PASS" start="2025-12-21T14:55:27.644794" elapsed="0.000337"/>
</kw>
<kw name="Set Test Variable" owner="BuiltIn">
<msg time="2025-12-21T14:55:27.646124" level="INFO">${DialogFirstRow} = ['Chromium', 'Web', "xpath=//*[@class='app-brand-link gap-2']", "xpath=//*[@class='alert alert-danger border-left-danger alert-dismissible fade show']", "xpath=//*[@class='alert alert-danger border-le...</msg>
<arg>${DialogFirstRow}</arg>
<arg>${tmpDialogFirstRow}</arg>
<doc>Makes a variable available everywhere within the scope of the current test.</doc>
<status status="PASS" start="2025-12-21T14:55:27.645288" elapsed="0.000880"/>
</kw>
<kw name="Get Length" owner="BuiltIn">
<msg time="2025-12-21T14:55:27.646595" level="INFO">Length is 12.</msg>
<msg time="2025-12-21T14:55:27.646661" level="INFO">${tmpDialogColumnCount} = 12</msg>
<var>${tmpDialogColumnCount}</var>
<arg>${DialogFirstRow}</arg>
<doc>Returns and logs the length of the given item as an integer.</doc>
<status status="PASS" start="2025-12-21T14:55:27.646305" elapsed="0.000378"/>
</kw>
<kw name="Set Test Variable" owner="BuiltIn">
<msg time="2025-12-21T14:55:27.647596" level="INFO">${DialogColumnCount} = 12</msg>
<arg>${DialogColumnCount}</arg>
<arg>${tmpDialogColumnCount}</arg>
<doc>Makes a variable available everywhere within the scope of the current test.</doc>
<status status="PASS" start="2025-12-21T14:55:27.646820" elapsed="0.000818"/>
</kw>
<kw name="Read Excel Column" owner="ExcelLibrary">
<msg time="2025-12-21T14:55:27.648142" level="INFO">${tmpDialogFirstColumn} = ['Chromium', 'Pixel9Pro_API35', 'Record / Control', 'Check defaults', 'Fehler alle Pflichtfeld leer', 'Fehler alle Pflichtfeld leer Variablenversion', 'Fehler Pflichtfeld Emailadresse', 'Fehler Keine ...</msg>
<var>${tmpDialogFirstColumn}</var>
<arg>0</arg>
<arg>0</arg>
<doc>Returns content of a column from the current sheet of the document.</doc>
<status status="PASS" start="2025-12-21T14:55:27.647777" elapsed="0.000393"/>
</kw>
<kw name="Set Test Variable" owner="BuiltIn">
<msg time="2025-12-21T14:55:27.649125" level="INFO">${DialogFirstColumn} = ['Chromium', 'Pixel9Pro_API35', 'Record / Control', 'Check defaults', 'Fehler alle Pflichtfeld leer', 'Fehler alle Pflichtfeld leer Variablenversion', 'Fehler Pflichtfeld Emailadresse', 'Fehler Keine ...</msg>
<arg>${DialogFirstColumn}</arg>
<arg>${tmpDialogFirstColumn}</arg>
<doc>Makes a variable available everywhere within the scope of the current test.</doc>
<status status="PASS" start="2025-12-21T14:55:27.648311" elapsed="0.000856"/>
</kw>
<kw name="Get Length" owner="BuiltIn">
<msg time="2025-12-21T14:55:27.649578" level="INFO">Length is 17.</msg>
<msg time="2025-12-21T14:55:27.649644" level="INFO">${tmpDialogRowCount} = 17</msg>
<var>${tmpDialogRowCount}</var>
<arg>${DialogFirstColumn}</arg>
<doc>Returns and logs the length of the given item as an integer.</doc>
<status status="PASS" start="2025-12-21T14:55:27.649300" elapsed="0.000366"/>
</kw>
<kw name="Set Test Variable" owner="BuiltIn">
<msg time="2025-12-21T14:55:27.650656" level="INFO">${DialogRowCount} = 17</msg>
<arg>${DialogRowCount}</arg>
<arg>${tmpDialogRowCount}</arg>
<doc>Makes a variable available everywhere within the scope of the current test.</doc>
<status status="PASS" start="2025-12-21T14:55:27.649848" elapsed="0.000849"/>
</kw>
<kw name="Get selector row index" owner="fwApplicationUnderTest">
<kw name="GetVariableValue" owner="fwVariables">
<kw name="Log" owner="BuiltIn">
<msg time="2025-12-21T14:55:27.651894" level="INFO">AUT</msg>
<arg>${theVariable}</arg>
<doc>Logs the given message with the given level.</doc>
<status status="PASS" start="2025-12-21T14:55:27.651625" elapsed="0.000310"/>
</kw>
<kw name="Evaluate" owner="BuiltIn">
<msg time="2025-12-21T14:55:27.652448" level="INFO">${Value} = Chromium</msg>
<var>${Value}</var>
<arg>$variableStorage.get("$${theVariable}", "NULL")</arg>
<doc>Evaluates the given expression in Python and returns the result.</doc>
<status status="PASS" start="2025-12-21T14:55:27.652063" elapsed="0.000410"/>
</kw>
<return>
<value>${Value}</value>
<status status="PASS" start="2025-12-21T14:55:27.652526" elapsed="0.000116"/>
</return>
<msg time="2025-12-21T14:55:27.652755" level="INFO">${actualAUT} = Chromium</msg>
<var>${actualAUT}</var>
<arg>AUT</arg>
<status status="PASS" start="2025-12-21T14:55:27.651262" elapsed="0.001515"/>
</kw>
<kw name="Convert To Number" owner="BuiltIn">
<msg time="2025-12-21T14:55:27.653196" level="INFO">${tmpSelectorRowIndex} = 2.0</msg>
<var>${tmpSelectorRowIndex}</var>
<arg>2</arg>
<doc>Converts the given item to a floating point number.</doc>
<status status="PASS" start="2025-12-21T14:55:27.652908" elapsed="0.000313"/>
</kw>
<if>
<branch type="IF" condition="$actualAUT == 'Chromium'">
<kw name="Convert To Number" owner="BuiltIn">
<msg time="2025-12-21T14:55:27.653864" level="INFO">${tmpSelectorRowIndex} = 1.0</msg>
<var>${tmpSelectorRowIndex}</var>
<arg>1</arg>
<doc>Converts the given item to a floating point number.</doc>
<status status="PASS" start="2025-12-21T14:55:27.653560" elapsed="0.000329"/>
</kw>
<status status="PASS" start="2025-12-21T14:55:27.653296" elapsed="0.000635"/>
</branch>
<status status="PASS" start="2025-12-21T14:55:27.653279" elapsed="0.000687"/>
</if>
<return>
<value>${tmpSelectorRowIndex}</value>
<status status="PASS" start="2025-12-21T14:55:27.653994" elapsed="0.000105"/>
</return>
<msg time="2025-12-21T14:55:27.654211" level="INFO">${tmpSelectorRowIndex} = 1.0</msg>
<var>${tmpSelectorRowIndex}</var>
<status status="PASS" start="2025-12-21T14:55:27.650893" elapsed="0.003340"/>
</kw>
<kw name="Set Test Variable" owner="BuiltIn">
<msg time="2025-12-21T14:55:27.655206" level="INFO">${SelectorRowIndex} = 1.0</msg>
<arg>${SelectorRowIndex}</arg>
<arg>${tmpSelectorRowIndex}</arg>
<doc>Makes a variable available everywhere within the scope of the current test.</doc>
<status status="PASS" start="2025-12-21T14:55:27.654363" elapsed="0.000884"/>
</kw>
<arg>${Dialog}</arg>
<arg>${DialogRecord}</arg>
<status status="PASS" start="2025-12-21T14:55:27.630092" elapsed="0.025216"/>
</kw>
<kw name="Set Test Variable" owner="BuiltIn">
<msg time="2025-12-21T14:55:27.655746" level="INFO">${DialogRecordFound} = False</msg>
<arg>${DialogRecordFound}</arg>
<arg>${False}</arg>
<doc>Makes a variable available everywhere within the scope of the current test.</doc>
<status status="PASS" start="2025-12-21T14:55:27.655437" elapsed="0.000347"/>
</kw>
<for flavor="IN RANGE">
<iter>
<kw name="Read Excel Cell" owner="ExcelLibrary">
<msg time="2025-12-21T14:55:27.656549" level="INFO">${theDialogRecord} = Check defaults</msg>
<var>${theDialogRecord}</var>
<arg>${row_index}</arg>
<arg>1</arg>
<doc>Returns content of a cell.</doc>
<status status="PASS" start="2025-12-21T14:55:27.656330" elapsed="0.000246"/>
</kw>
<kw name="Log" owner="BuiltIn">
<msg time="2025-12-21T14:55:27.656965" level="INFO">Check defaults</msg>
<arg>${theDialogRecord}</arg>
<doc>Logs the given message with the given level.</doc>
<status status="PASS" start="2025-12-21T14:55:27.656706" elapsed="0.000298"/>
</kw>
<if>
<branch type="IF" condition="$DialogRecord == $theDialogRecord">
<kw name="Set Test Variable" owner="BuiltIn">
<arg>${DialogRecordFound}</arg>
<arg>${True}</arg>
<doc>Makes a variable available everywhere within the scope of the current test.</doc>
<status status="NOT RUN" start="2025-12-21T14:55:27.657653" elapsed="0.000100"/>
</kw>
<kw name="DialogRowProcessing" owner="fwDialog">
<arg>${row_index}</arg>
<status status="NOT RUN" start="2025-12-21T14:55:27.657966" elapsed="0.000101"/>
</kw>
<kw name="Exit For Loop" owner="BuiltIn">
<doc>Stops executing the enclosing FOR loop.</doc>
<status status="NOT RUN" start="2025-12-21T14:55:27.658199" elapsed="0.000095"/>
</kw>
<status status="NOT RUN" start="2025-12-21T14:55:27.657074" elapsed="0.001260"/>
</branch>
<status status="PASS" start="2025-12-21T14:55:27.657056" elapsed="0.001311"/>
</if>
<var name="${row_index}">4</var>
<status status="PASS" start="2025-12-21T14:55:27.656131" elapsed="0.002256"/>
</iter>
<iter>
<kw name="Read Excel Cell" owner="ExcelLibrary">
<msg time="2025-12-21T14:55:27.658913" level="INFO">${theDialogRecord} = Fehler alle Pflichtfeld leer</msg>
<var>${theDialogRecord}</var>
<arg>${row_index}</arg>
<arg>1</arg>
<doc>Returns content of a cell.</doc>
<status status="PASS" start="2025-12-21T14:55:27.658692" elapsed="0.000246"/>
</kw>
<kw name="Log" owner="BuiltIn">
<msg time="2025-12-21T14:55:27.659332" level="INFO">Fehler alle Pflichtfeld leer</msg>
<arg>${theDialogRecord}</arg>
<doc>Logs the given message with the given level.</doc>
<status status="PASS" start="2025-12-21T14:55:27.659071" elapsed="0.000300"/>
</kw>
<if>
<branch type="IF" condition="$DialogRecord == $theDialogRecord">
<kw name="Set Test Variable" owner="BuiltIn">
<arg>${DialogRecordFound}</arg>
<arg>${True}</arg>
<doc>Makes a variable available everywhere within the scope of the current test.</doc>
<status status="NOT RUN" start="2025-12-21T14:55:27.659751" elapsed="0.000115"/>
</kw>
<kw name="DialogRowProcessing" owner="fwDialog">
<arg>${row_index}</arg>
<status status="NOT RUN" start="2025-12-21T14:55:27.660078" elapsed="0.000103"/>
</kw>
<kw name="Exit For Loop" owner="BuiltIn">
<doc>Stops executing the enclosing FOR loop.</doc>
<status status="NOT RUN" start="2025-12-21T14:55:27.660309" elapsed="0.000094"/>
</kw>
<status status="NOT RUN" start="2025-12-21T14:55:27.659437" elapsed="0.001006"/>
</branch>
<status status="PASS" start="2025-12-21T14:55:27.659422" elapsed="0.001054"/>
</if>
<var name="${row_index}">5</var>
<status status="PASS" start="2025-12-21T14:55:27.658504" elapsed="0.001992"/>
</iter>
<iter>
<kw name="Read Excel Cell" owner="ExcelLibrary">
<msg time="2025-12-21T14:55:27.661012" level="INFO">${theDialogRecord} = Fehler alle Pflichtfeld leer Variablenversion</msg>
<var>${theDialogRecord}</var>
<arg>${row_index}</arg>
<arg>1</arg>
<doc>Returns content of a cell.</doc>
<status status="PASS" start="2025-12-21T14:55:27.660792" elapsed="0.000246"/>
</kw>
<kw name="Log" owner="BuiltIn">
<msg time="2025-12-21T14:55:27.661433" level="INFO">Fehler alle Pflichtfeld leer Variablenversion</msg>
<arg>${theDialogRecord}</arg>
<doc>Logs the given message with the given level.</doc>
<status status="PASS" start="2025-12-21T14:55:27.661170" elapsed="0.000302"/>
</kw>
<if>
<branch type="IF" condition="$DialogRecord == $theDialogRecord">
<kw name="Set Test Variable" owner="BuiltIn">
<arg>${DialogRecordFound}</arg>
<arg>${True}</arg>
<doc>Makes a variable available everywhere within the scope of the current test.</doc>
<status status="NOT RUN" start="2025-12-21T14:55:27.661814" elapsed="0.000099"/>
</kw>
<kw name="DialogRowProcessing" owner="fwDialog">
<arg>${row_index}</arg>
<status status="NOT RUN" start="2025-12-21T14:55:27.662116" elapsed="0.000099"/>
</kw>
<kw name="Exit For Loop" owner="BuiltIn">
<doc>Stops executing the enclosing FOR loop.</doc>
<status status="NOT RUN" start="2025-12-21T14:55:27.662344" elapsed="0.000174"/>
</kw>
<status status="NOT RUN" start="2025-12-21T14:55:27.661541" elapsed="0.001019"/>
</branch>
<status status="PASS" start="2025-12-21T14:55:27.661526" elapsed="0.001069"/>
</if>
<var name="${row_index}">6</var>
<status status="PASS" start="2025-12-21T14:55:27.660606" elapsed="0.002009"/>
</iter>
<iter>
<kw name="Read Excel Cell" owner="ExcelLibrary">
<msg time="2025-12-21T14:55:27.663140" level="INFO">${theDialogRecord} = Fehler Pflichtfeld Emailadresse</msg>
<var>${theDialogRecord}</var>
<arg>${row_index}</arg>
<arg>1</arg>
<doc>Returns content of a cell.</doc>
<status status="PASS" start="2025-12-21T14:55:27.662918" elapsed="0.000247"/>
</kw>
<kw name="Log" owner="BuiltIn">
<msg time="2025-12-21T14:55:27.663554" level="INFO">Fehler Pflichtfeld Emailadresse</msg>
<arg>${theDialogRecord}</arg>
<doc>Logs the given message with the given level.</doc>
<status status="PASS" start="2025-12-21T14:55:27.663295" elapsed="0.000301"/>
</kw>
<if>
<branch type="IF" condition="$DialogRecord == $theDialogRecord">
<kw name="Set Test Variable" owner="BuiltIn">
<arg>${DialogRecordFound}</arg>
<arg>${True}</arg>
<doc>Makes a variable available everywhere within the scope of the current test.</doc>
<status status="NOT RUN" start="2025-12-21T14:55:27.663935" elapsed="0.000097"/>
</kw>
<kw name="DialogRowProcessing" owner="fwDialog">
<arg>${row_index}</arg>
<status status="NOT RUN" start="2025-12-21T14:55:27.664237" elapsed="0.000099"/>
</kw>
<kw name="Exit For Loop" owner="BuiltIn">
<doc>Stops executing the enclosing FOR loop.</doc>
<status status="NOT RUN" start="2025-12-21T14:55:27.664463" elapsed="0.000095"/>
</kw>
<status status="NOT RUN" start="2025-12-21T14:55:27.663666" elapsed="0.000932"/>
</branch>
<status status="PASS" start="2025-12-21T14:55:27.663651" elapsed="0.000983"/>
</if>
<var name="${row_index}">7</var>
<status status="PASS" start="2025-12-21T14:55:27.662730" elapsed="0.001923"/>
</iter>
<iter>
<kw name="Read Excel Cell" owner="ExcelLibrary">
<msg time="2025-12-21T14:55:27.665168" level="INFO">${theDialogRecord} = Fehler Keine gültige Emailadresse</msg>
<var>${theDialogRecord}</var>
<arg>${row_index}</arg>
<arg>1</arg>
<doc>Returns content of a cell.</doc>
<status status="PASS" start="2025-12-21T14:55:27.664947" elapsed="0.000246"/>
</kw>
<kw name="Log" owner="BuiltIn">
<msg time="2025-12-21T14:55:27.665583" level="INFO">Fehler Keine gültige Emailadresse</msg>
<arg>${theDialogRecord}</arg>
<doc>Logs the given message with the given level.</doc>
<status status="PASS" start="2025-12-21T14:55:27.665324" elapsed="0.000300"/>
</kw>
<if>
<branch type="IF" condition="$DialogRecord == $theDialogRecord">
<kw name="Set Test Variable" owner="BuiltIn">
<arg>${DialogRecordFound}</arg>
<arg>${True}</arg>
<doc>Makes a variable available everywhere within the scope of the current test.</doc>
<status status="NOT RUN" start="2025-12-21T14:55:27.665957" elapsed="0.000100"/>
</kw>
<kw name="DialogRowProcessing" owner="fwDialog">
<arg>${row_index}</arg>
<status status="NOT RUN" start="2025-12-21T14:55:27.666257" elapsed="0.000101"/>
</kw>
<kw name="Exit For Loop" owner="BuiltIn">
<doc>Stops executing the enclosing FOR loop.</doc>
<status status="NOT RUN" start="2025-12-21T14:55:27.666487" elapsed="0.000094"/>
</kw>
<status status="NOT RUN" start="2025-12-21T14:55:27.665693" elapsed="0.000929"/>
</branch>
<status status="PASS" start="2025-12-21T14:55:27.665678" elapsed="0.000978"/>
</if>
<var name="${row_index}">8</var>
<status status="PASS" start="2025-12-21T14:55:27.664762" elapsed="0.001913"/>
</iter>
<iter>
<kw name="Read Excel Cell" owner="ExcelLibrary">
<msg time="2025-12-21T14:55:27.667186" level="INFO">${theDialogRecord} = Fehler Pflichtfeld Passwort</msg>
<var>${theDialogRecord}</var>
<arg>${row_index}</arg>
<arg>1</arg>
<doc>Returns content of a cell.</doc>
<status status="PASS" start="2025-12-21T14:55:27.666968" elapsed="0.000243"/>
</kw>
<kw name="Log" owner="BuiltIn">
<msg time="2025-12-21T14:55:27.667596" level="INFO">Fehler Pflichtfeld Passwort</msg>
<arg>${theDialogRecord}</arg>
<doc>Logs the given message with the given level.</doc>
<status status="PASS" start="2025-12-21T14:55:27.667339" elapsed="0.000298"/>
</kw>
<if>
<branch type="IF" condition="$DialogRecord == $theDialogRecord">
<kw name="Set Test Variable" owner="BuiltIn">
<arg>${DialogRecordFound}</arg>
<arg>${True}</arg>
<doc>Makes a variable available everywhere within the scope of the current test.</doc>
<status status="NOT RUN" start="2025-12-21T14:55:27.667973" elapsed="0.000096"/>
</kw>
<kw name="DialogRowProcessing" owner="fwDialog">
<arg>${row_index}</arg>
<status status="NOT RUN" start="2025-12-21T14:55:27.668269" elapsed="0.000100"/>
</kw>
<kw name="Exit For Loop" owner="BuiltIn">
<doc>Stops executing the enclosing FOR loop.</doc>
<status status="NOT RUN" start="2025-12-21T14:55:27.668495" elapsed="0.000093"/>
</kw>
<status status="NOT RUN" start="2025-12-21T14:55:27.667707" elapsed="0.000922"/>
</branch>
<status status="PASS" start="2025-12-21T14:55:27.667690" elapsed="0.000991"/>
</if>
<var name="${row_index}">9</var>
<status status="PASS" start="2025-12-21T14:55:27.666786" elapsed="0.001915"/>
</iter>
<iter>
<kw name="Read Excel Cell" owner="ExcelLibrary">
<msg time="2025-12-21T14:55:27.669215" level="INFO">${theDialogRecord} = Link Passwort vergessen</msg>
<var>${theDialogRecord}</var>
<arg>${row_index}</arg>
<arg>1</arg>
<doc>Returns content of a cell.</doc>
<status status="PASS" start="2025-12-21T14:55:27.668996" elapsed="0.000243"/>
</kw>
<kw name="Log" owner="BuiltIn">
<msg time="2025-12-21T14:55:27.669628" level="INFO">Link Passwort vergessen</msg>
<arg>${theDialogRecord}</arg>
<doc>Logs the given message with the given level.</doc>
<status status="PASS" start="2025-12-21T14:55:27.669366" elapsed="0.000304"/>
</kw>
<if>
<branch type="IF" condition="$DialogRecord == $theDialogRecord">
<kw name="Set Test Variable" owner="BuiltIn">
<arg>${DialogRecordFound}</arg>
<arg>${True}</arg>
<doc>Makes a variable available everywhere within the scope of the current test.</doc>
<status status="NOT RUN" start="2025-12-21T14:55:27.670000" elapsed="0.000098"/>
</kw>
<kw name="DialogRowProcessing" owner="fwDialog">
<arg>${row_index}</arg>
<status status="NOT RUN" start="2025-12-21T14:55:27.670305" elapsed="0.000100"/>
</kw>
<kw name="Exit For Loop" owner="BuiltIn">
<doc>Stops executing the enclosing FOR loop.</doc>
<status status="NOT RUN" start="2025-12-21T14:55:27.670532" elapsed="0.000095"/>
</kw>
<status status="NOT RUN" start="2025-12-21T14:55:27.669736" elapsed="0.000930"/>
</branch>
<status status="PASS" start="2025-12-21T14:55:27.669722" elapsed="0.000977"/>
</if>
<var name="${row_index}">10</var>
<status status="PASS" start="2025-12-21T14:55:27.668809" elapsed="0.001910"/>
</iter>
<iter>
<kw name="Read Excel Cell" owner="ExcelLibrary">
<msg time="2025-12-21T14:55:27.671226" level="INFO">${theDialogRecord} = 001_Login_001_Successful</msg>
<var>${theDialogRecord}</var>
<arg>${row_index}</arg>
<arg>1</arg>
<doc>Returns content of a cell.</doc>
<status status="PASS" start="2025-12-21T14:55:27.671011" elapsed="0.000240"/>
</kw>
<kw name="Log" owner="BuiltIn">
<msg time="2025-12-21T14:55:27.671638" level="INFO">001_Login_001_Successful</msg>
<arg>${theDialogRecord}</arg>
<doc>Logs the given message with the given level.</doc>
<status status="PASS" start="2025-12-21T14:55:27.671379" elapsed="0.000298"/>
</kw>
<if>
<branch type="IF" condition="$DialogRecord == $theDialogRecord">
<kw name="Set Test Variable" owner="BuiltIn">
<msg time="2025-12-21T14:55:27.672315" level="INFO">${DialogRecordFound} = True</msg>
<arg>${DialogRecordFound}</arg>
<arg>${True}</arg>
<doc>Makes a variable available everywhere within the scope of the current test.</doc>
<status status="PASS" start="2025-12-21T14:55:27.672011" elapsed="0.000342"/>
</kw>
<kw name="DialogRowProcessing" owner="fwDialog">
<kw name="Log" owner="BuiltIn">
<msg time="2025-12-21T14:55:27.673243" level="INFO">11</msg>
<arg>${row_index}</arg>
<doc>Logs the given message with the given level.</doc>
<status status="PASS" start="2025-12-21T14:55:27.672984" elapsed="0.000298"/>
</kw>
<kw name="Read Excel Row" owner="ExcelLibrary">
<msg time="2025-12-21T14:55:27.673649" level="INFO">${theDialogRow} = ['001_Login_001_Successful', '&lt;SET&gt;', None, None, None, None, 'matthias@matthias-schmotz.de', None, '&lt;GETPASSWORD&gt;', 'X', None, '&lt;NOP&gt;']</msg>
<var>${theDialogRow}</var>
<arg>${row_index}</arg>
<doc>Returns content of a row from the current sheet of the document.</doc>
<status status="PASS" start="2025-12-21T14:55:27.673412" elapsed="0.000263"/>
</kw>
<kw name="Get Length" owner="BuiltIn">
<msg time="2025-12-21T14:55:27.674073" level="INFO">Length is 12.</msg>
<arg>${theDialogRow}</arg>
<doc>Returns and logs the length of the given item as an integer.</doc>
<status status="PASS" start="2025-12-21T14:55:27.673801" elapsed="0.000311"/>
</kw>
<for flavor="IN RANGE">
<iter>
<kw name="Log" owner="BuiltIn">
<msg time="2025-12-21T14:55:27.674934" level="INFO">3</msg>
<arg>${col_index}</arg>
<doc>Logs the given message with the given level.</doc>
<status status="PASS" start="2025-12-21T14:55:27.674611" elapsed="0.000363"/>
</kw>
<kw name="Read Excel Cell" owner="ExcelLibrary">
<msg time="2025-12-21T14:55:27.675337" level="INFO">${theControlHeader} = lnkTTPlaner</msg>
<var>${theControlHeader}</var>
<arg>3</arg>
<arg>${col_index}</arg>
<doc>Returns content of a cell.</doc>
<status status="PASS" start="2025-12-21T14:55:27.675110" elapsed="0.000252"/>
</kw>
<kw name="Read Excel Cell" owner="ExcelLibrary">
<msg time="2025-12-21T14:55:27.675728" level="INFO">${theControlSelector} = xpath=//*[@class='app-brand-link gap-2']</msg>
<var>${theControlSelector}</var>
<arg>${SelectorRowIndex}</arg>
<arg>${col_index}</arg>
<doc>Returns content of a cell.</doc>
<status status="PASS" start="2025-12-21T14:55:27.675493" elapsed="0.000260"/>
</kw>
<kw name="Read Excel Cell" owner="ExcelLibrary">
<msg time="2025-12-21T14:55:27.676102" level="INFO">${theControlModus} = &lt;SET&gt;</msg>
<var>${theControlModus}</var>
<arg>${row_index}</arg>
<arg>2</arg>
<doc>Returns content of a cell.</doc>
<status status="PASS" start="2025-12-21T14:55:27.675883" elapsed="0.000243"/>
</kw>
<kw name="Read Excel Cell" owner="ExcelLibrary">
<msg time="2025-12-21T14:55:27.676485" level="INFO">${theControlValue} = None</msg>
<var>${theControlValue}</var>
<arg>${row_index}</arg>
<arg>${col_index}</arg>
<doc>Returns content of a cell.</doc>
<status status="PASS" start="2025-12-21T14:55:27.676257" elapsed="0.000253"/>
</kw>
<kw name="Convert To String" owner="BuiltIn">
<arg>${theControlModus}</arg>
<doc>Converts the given item to a Unicode string.</doc>
<status status="PASS" start="2025-12-21T14:55:27.676643" elapsed="0.000286"/>
</kw>
<kw name="Convert To String" owner="BuiltIn">
<arg>${theControlValue}</arg>
<doc>Converts the given item to a Unicode string.</doc>
<status status="PASS" start="2025-12-21T14:55:27.677059" elapsed="0.000276"/>
</kw>
<if>
<branch type="IF" condition="${{$theControlValue is not None}}">
<kw name="ControlProcessing" owner="fwControl">
<arg>${theDialog}</arg>
<arg>${theControlModus}</arg>
<arg>${theControlHeader}</arg>
<arg>${theControlSelector}</arg>
<arg>${theControlValue}</arg>
<status status="NOT RUN" start="2025-12-21T14:55:27.678548" elapsed="0.000111"/>
</kw>
<kw name="Switch Current Excel Document" owner="ExcelLibrary">
<arg>actualDialog</arg>
<doc>Switches current excel document.</doc>
<status status="NOT RUN" start="2025-12-21T14:55:27.678803" elapsed="0.000099"/>
</kw>
<status status="NOT RUN" start="2025-12-21T14:55:27.677408" elapsed="0.001536"/>
</branch>
<branch type="ELSE">
<kw name="Log" owner="BuiltIn">
<msg time="2025-12-21T14:55:27.679400" level="INFO">No control value found!</msg>
<arg>No control value found!</arg>
<doc>Logs the given message with the given level.</doc>
<status status="PASS" start="2025-12-21T14:55:27.679165" elapsed="0.000275"/>
</kw>
<status status="PASS" start="2025-12-21T14:55:27.678980" elapsed="0.000501"/>
</branch>
<status status="PASS" start="2025-12-21T14:55:27.677392" elapsed="0.002121"/>
</if>
<var name="${col_index}">3</var>
<status status="PASS" start="2025-12-21T14:55:27.674424" elapsed="0.005109"/>
</iter>
<iter>
<kw name="Log" owner="BuiltIn">
<msg time="2025-12-21T14:55:27.680398" level="INFO">4</msg>
<arg>${col_index}</arg>
<doc>Logs the given message with the given level.</doc>
<status status="PASS" start="2025-12-21T14:55:27.679853" elapsed="0.000586"/>
</kw>
<kw name="Read Excel Cell" owner="ExcelLibrary">
<msg time="2025-12-21T14:55:27.680795" level="INFO">${theControlHeader} = altFehler</msg>
<var>${theControlHeader}</var>
<arg>3</arg>
<arg>${col_index}</arg>
<doc>Returns content of a cell.</doc>
<status status="PASS" start="2025-12-21T14:55:27.680572" elapsed="0.000247"/>
</kw>
<kw name="Read Excel Cell" owner="ExcelLibrary">
<msg time="2025-12-21T14:55:27.681180" level="INFO">${theControlSelector} = xpath=//*[@class='alert alert-danger border-left-danger alert-dismissible fade show']</msg>
<var>${theControlSelector}</var>
<arg>${SelectorRowIndex}</arg>
<arg>${col_index}</arg>
<doc>Returns content of a cell.</doc>
<status status="PASS" start="2025-12-21T14:55:27.680951" elapsed="0.000254"/>
</kw>
<kw name="Read Excel Cell" owner="ExcelLibrary">
<msg time="2025-12-21T14:55:27.681548" level="INFO">${theControlModus} = &lt;SET&gt;</msg>
<var>${theControlModus}</var>
<arg>${row_index}</arg>
<arg>2</arg>
<doc>Returns content of a cell.</doc>
<status status="PASS" start="2025-12-21T14:55:27.681335" elapsed="0.000238"/>
</kw>
<kw name="Read Excel Cell" owner="ExcelLibrary">
<msg time="2025-12-21T14:55:27.681928" level="INFO">${theControlValue} = None</msg>
<var>${theControlValue}</var>
<arg>${row_index}</arg>
<arg>${col_index}</arg>
<doc>Returns content of a cell.</doc>
<status status="PASS" start="2025-12-21T14:55:27.681704" elapsed="0.000249"/>
</kw>
<kw name="Convert To String" owner="BuiltIn">
<arg>${theControlModus}</arg>
<doc>Converts the given item to a Unicode string.</doc>
<status status="PASS" start="2025-12-21T14:55:27.682081" elapsed="0.000275"/>
</kw>
<kw name="Convert To String" owner="BuiltIn">
<arg>${theControlValue}</arg>
<doc>Converts the given item to a Unicode string.</doc>
<status status="PASS" start="2025-12-21T14:55:27.682485" elapsed="0.000276"/>
</kw>
<if>
<branch type="IF" condition="${{$theControlValue is not None}}">
<kw name="ControlProcessing" owner="fwControl">
<arg>${theDialog}</arg>
<arg>${theControlModus}</arg>
<arg>${theControlHeader}</arg>
<arg>${theControlSelector}</arg>
<arg>${theControlValue}</arg>
<status status="NOT RUN" start="2025-12-21T14:55:27.683473" elapsed="0.000103"/>
</kw>
<kw name="Switch Current Excel Document" owner="ExcelLibrary">
<arg>actualDialog</arg>
<doc>Switches current excel document.</doc>
<status status="NOT RUN" start="2025-12-21T14:55:27.683736" elapsed="0.000098"/>
</kw>
<status status="NOT RUN" start="2025-12-21T14:55:27.682831" elapsed="0.001045"/>
</branch>
<branch type="ELSE">
<kw name="Log" owner="BuiltIn">
<msg time="2025-12-21T14:55:27.684324" level="INFO">No control value found!</msg>
<arg>No control value found!</arg>
<doc>Logs the given message with the given level.</doc>
<status status="PASS" start="2025-12-21T14:55:27.684092" elapsed="0.000271"/>
</kw>
<status status="PASS" start="2025-12-21T14:55:27.683909" elapsed="0.000494"/>
</branch>
<status status="PASS" start="2025-12-21T14:55:27.682816" elapsed="0.001619"/>
</if>
<var name="${col_index}">4</var>
<status status="PASS" start="2025-12-21T14:55:27.679668" elapsed="0.004787"/>
</iter>
<iter>
<kw name="Log" owner="BuiltIn">
<msg time="2025-12-21T14:55:27.685022" level="INFO">5</msg>
<arg>${col_index}</arg>
<doc>Logs the given message with the given level.</doc>
<status status="PASS" start="2025-12-21T14:55:27.684767" elapsed="0.000293"/>
</kw>
<kw name="Read Excel Cell" owner="ExcelLibrary">
<msg time="2025-12-21T14:55:27.685486" level="INFO">${theControlHeader} = uliFehler</msg>
<var>${theControlHeader}</var>
<arg>3</arg>
<arg>${col_index}</arg>
<doc>Returns content of a cell.</doc>
<status status="PASS" start="2025-12-21T14:55:27.685267" elapsed="0.000244"/>
</kw>
<kw name="Read Excel Cell" owner="ExcelLibrary">
<msg time="2025-12-21T14:55:27.685874" level="INFO">${theControlSelector} = xpath=//*[@class='alert alert-danger border-left-danger alert-dismissible fade show']/ul/li</msg>
<var>${theControlSelector}</var>
<arg>${SelectorRowIndex}</arg>
<arg>${col_index}</arg>
<doc>Returns content of a cell.</doc>
<status status="PASS" start="2025-12-21T14:55:27.685645" elapsed="0.000254"/>
</kw>
<kw name="Read Excel Cell" owner="ExcelLibrary">
<msg time="2025-12-21T14:55:27.686244" level="INFO">${theControlModus} = &lt;SET&gt;</msg>
<var>${theControlModus}</var>
<arg>${row_index}</arg>
<arg>2</arg>
<doc>Returns content of a cell.</doc>
<status status="PASS" start="2025-12-21T14:55:27.686030" elapsed="0.000238"/>
</kw>
<kw name="Read Excel Cell" owner="ExcelLibrary">
<msg time="2025-12-21T14:55:27.686627" level="INFO">${theControlValue} = None</msg>
<var>${theControlValue}</var>
<arg>${row_index}</arg>
<arg>${col_index}</arg>
<doc>Returns content of a cell.</doc>
<status status="PASS" start="2025-12-21T14:55:27.686399" elapsed="0.000252"/>
</kw>
<kw name="Convert To String" owner="BuiltIn">
<arg>${theControlModus}</arg>
<doc>Converts the given item to a Unicode string.</doc>
<status status="PASS" start="2025-12-21T14:55:27.686779" elapsed="0.000276"/>
</kw>
<kw name="Convert To String" owner="BuiltIn">
<arg>${theControlValue}</arg>
<doc>Converts the given item to a Unicode string.</doc>
<status status="PASS" start="2025-12-21T14:55:27.687184" elapsed="0.000274"/>
</kw>
<if>
<branch type="IF" condition="${{$theControlValue is not None}}">
<kw name="ControlProcessing" owner="fwControl">
<arg>${theDialog}</arg>
<arg>${theControlModus}</arg>
<arg>${theControlHeader}</arg>
<arg>${theControlSelector}</arg>
<arg>${theControlValue}</arg>
<status status="NOT RUN" start="2025-12-21T14:55:27.688173" elapsed="0.000103"/>
</kw>
<kw name="Switch Current Excel Document" owner="ExcelLibrary">
<arg>actualDialog</arg>
<doc>Switches current excel document.</doc>
<status status="NOT RUN" start="2025-12-21T14:55:27.688414" elapsed="0.000096"/>
</kw>
<status status="NOT RUN" start="2025-12-21T14:55:27.687528" elapsed="0.001025"/>
</branch>
<branch type="ELSE">
<kw name="Log" owner="BuiltIn">
<msg time="2025-12-21T14:55:27.689003" level="INFO">No control value found!</msg>
<arg>No control value found!</arg>
<doc>Logs the given message with the given level.</doc>
<status status="PASS" start="2025-12-21T14:55:27.688771" elapsed="0.000272"/>
</kw>
<status status="PASS" start="2025-12-21T14:55:27.688586" elapsed="0.000498"/>
</branch>
<status status="PASS" start="2025-12-21T14:55:27.687513" elapsed="0.001602"/>
</if>
<var name="${col_index}">5</var>
<status status="PASS" start="2025-12-21T14:55:27.684582" elapsed="0.004552"/>
</iter>
<iter>
<kw name="Log" owner="BuiltIn">
<msg time="2025-12-21T14:55:27.689702" level="INFO">6</msg>
<arg>${col_index}</arg>
<doc>Logs the given message with the given level.</doc>
<status status="PASS" start="2025-12-21T14:55:27.689444" elapsed="0.000296"/>
</kw>
<kw name="Read Excel Cell" owner="ExcelLibrary">
<msg time="2025-12-21T14:55:27.690084" level="INFO">${theControlHeader} = butAlertSchliessen</msg>
<var>${theControlHeader}</var>
<arg>3</arg>
<arg>${col_index}</arg>
<doc>Returns content of a cell.</doc>
<status status="PASS" start="2025-12-21T14:55:27.689868" elapsed="0.000241"/>
</kw>
<kw name="Read Excel Cell" owner="ExcelLibrary">
<msg time="2025-12-21T14:55:27.690469" level="INFO">${theControlSelector} = xpath=//*[@class='alert alert-danger border-left-danger alert-dismissible fade show']/button</msg>
<var>${theControlSelector}</var>
<arg>${SelectorRowIndex}</arg>
<arg>${col_index}</arg>
<doc>Returns content of a cell.</doc>
<status status="PASS" start="2025-12-21T14:55:27.690240" elapsed="0.000255"/>
</kw>
<kw name="Read Excel Cell" owner="ExcelLibrary">
<msg time="2025-12-21T14:55:27.690873" level="INFO">${theControlModus} = &lt;SET&gt;</msg>
<var>${theControlModus}</var>
<arg>${row_index}</arg>
<arg>2</arg>
<doc>Returns content of a cell.</doc>
<status status="PASS" start="2025-12-21T14:55:27.690627" elapsed="0.000272"/>
</kw>
<kw name="Read Excel Cell" owner="ExcelLibrary">
<msg time="2025-12-21T14:55:27.691262" level="INFO">${theControlValue} = None</msg>
<var>${theControlValue}</var>
<arg>${row_index}</arg>
<arg>${col_index}</arg>
<doc>Returns content of a cell.</doc>
<status status="PASS" start="2025-12-21T14:55:27.691032" elapsed="0.000255"/>
</kw>
<kw name="Convert To String" owner="BuiltIn">
<arg>${theControlModus}</arg>
<doc>Converts the given item to a Unicode string.</doc>
<status status="PASS" start="2025-12-21T14:55:27.691417" elapsed="0.000281"/>
</kw>
<kw name="Convert To String" owner="BuiltIn">
<arg>${theControlValue}</arg>
<doc>Converts the given item to a Unicode string.</doc>
<status status="PASS" start="2025-12-21T14:55:27.691830" elapsed="0.000278"/>
</kw>
<if>
<branch type="IF" condition="${{$theControlValue is not None}}">
<kw name="ControlProcessing" owner="fwControl">
<arg>${theDialog}</arg>
<arg>${theControlModus}</arg>
<arg>${theControlHeader}</arg>
<arg>${theControlSelector}</arg>
<arg>${theControlValue}</arg>
<status status="NOT RUN" start="2025-12-21T14:55:27.692825" elapsed="0.000102"/>
</kw>
<kw name="Switch Current Excel Document" owner="ExcelLibrary">
<arg>actualDialog</arg>
<doc>Switches current excel document.</doc>
<status status="NOT RUN" start="2025-12-21T14:55:27.693065" elapsed="0.000095"/>
</kw>
<status status="NOT RUN" start="2025-12-21T14:55:27.692179" elapsed="0.001024"/>
</branch>
<branch type="ELSE">
<kw name="Log" owner="BuiltIn">
<msg time="2025-12-21T14:55:27.693656" level="INFO">No control value found!</msg>
<arg>No control value found!</arg>
<doc>Logs the given message with the given level.</doc>
<status status="PASS" start="2025-12-21T14:55:27.693420" elapsed="0.000279"/>
</kw>
<status status="PASS" start="2025-12-21T14:55:27.693237" elapsed="0.000504"/>
</branch>
<status status="PASS" start="2025-12-21T14:55:27.692164" elapsed="0.001609"/>
</if>
<var name="${col_index}">6</var>
<status status="PASS" start="2025-12-21T14:55:27.689261" elapsed="0.004531"/>
</iter>
<iter>
<kw name="Log" owner="BuiltIn">
<msg time="2025-12-21T14:55:27.694370" level="INFO">7</msg>
<arg>${col_index}</arg>
<doc>Logs the given message with the given level.</doc>
<status status="PASS" start="2025-12-21T14:55:27.694112" elapsed="0.000297"/>
</kw>
<kw name="Read Excel Cell" owner="ExcelLibrary">
<msg time="2025-12-21T14:55:27.694761" level="INFO">${theControlHeader} = txtEmailAdresse</msg>
<var>${theControlHeader}</var>
<arg>3</arg>
<arg>${col_index}</arg>
<doc>Returns content of a cell.</doc>
<status status="PASS" start="2025-12-21T14:55:27.694539" elapsed="0.000247"/>
</kw>
<kw name="Read Excel Cell" owner="ExcelLibrary">
<msg time="2025-12-21T14:55:27.695148" level="INFO">${theControlSelector} = id=email</msg>
<var>${theControlSelector}</var>
<arg>${SelectorRowIndex}</arg>
<arg>${col_index}</arg>
<doc>Returns content of a cell.</doc>
<status status="PASS" start="2025-12-21T14:55:27.694919" elapsed="0.000254"/>
</kw>
<kw name="Read Excel Cell" owner="ExcelLibrary">
<msg time="2025-12-21T14:55:27.695522" level="INFO">${theControlModus} = &lt;SET&gt;</msg>
<var>${theControlModus}</var>
<arg>${row_index}</arg>
<arg>2</arg>
<doc>Returns content of a cell.</doc>
<status status="PASS" start="2025-12-21T14:55:27.695308" elapsed="0.000239"/>
</kw>
<kw name="Read Excel Cell" owner="ExcelLibrary">
<msg time="2025-12-21T14:55:27.695905" level="INFO">${theControlValue} = matthias@matthias-schmotz.de</msg>
<var>${theControlValue}</var>
<arg>${row_index}</arg>
<arg>${col_index}</arg>
<doc>Returns content of a cell.</doc>
<status status="PASS" start="2025-12-21T14:55:27.695681" elapsed="0.000249"/>
</kw>
<kw name="Convert To String" owner="BuiltIn">
<arg>${theControlModus}</arg>
<doc>Converts the given item to a Unicode string.</doc>
<status status="PASS" start="2025-12-21T14:55:27.696095" elapsed="0.000280"/>
</kw>
<kw name="Convert To String" owner="BuiltIn">
<arg>${theControlValue}</arg>
<doc>Converts the given item to a Unicode string.</doc>
<status status="PASS" start="2025-12-21T14:55:27.696506" elapsed="0.000277"/>
</kw>
<if>
<branch type="IF" condition="${{$theControlValue is not None}}">
<kw name="ControlProcessing" owner="fwControl">
<kw name="Get Substring" owner="String">
<msg time="2025-12-21T14:55:27.698254" level="INFO">${ControlPrefix} = txt</msg>
<var>${ControlPrefix}</var>
<arg>${Name}</arg>
<arg>0</arg>
<arg>3</arg>
<doc>Returns a substring from ``start`` index to ``end`` index.</doc>
<status status="PASS" start="2025-12-21T14:55:27.697980" elapsed="0.000300"/>
</kw>
<if>
<branch type="IF" condition="'${ControlPrefix}' == 'but'">
<kw name="ButtonProcessing" owner="Button">
<arg>${Container}</arg>
<arg>${Modus}</arg>
<arg>${Name}</arg>
<arg>${Selector}</arg>
<arg>${Value}</arg>
<status status="NOT RUN" start="2025-12-21T14:55:27.698679" elapsed="0.000103"/>
</kw>
<status status="NOT RUN" start="2025-12-21T14:55:27.698354" elapsed="0.000478"/>
</branch>
<branch type="ELSE IF" condition="'${ControlPrefix}' == 'cal'">
<kw name="CalendarProcessing" owner="Calendar">
<arg>${Container}</arg>
<arg>${Modus}</arg>
<arg>${Name}</arg>
<arg>${Selector}</arg>
<arg>${Value}</arg>
<status status="NOT RUN" start="2025-12-21T14:55:27.699171" elapsed="0.000102"/>
</kw>
<status status="NOT RUN" start="2025-12-21T14:55:27.698866" elapsed="0.000456"/>
</branch>
<branch type="ELSE IF" condition="'${ControlPrefix}' == 'chk'">
<kw name="CheckboxProcessing" owner="Checkbox">
<arg>${Container}</arg>
<arg>${Modus}</arg>
<arg>${Name}</arg>
<arg>${Selector}</arg>
<arg>${Value}</arg>
<status status="NOT RUN" start="2025-12-21T14:55:27.699663" elapsed="0.000105"/>
</kw>
<status status="NOT RUN" start="2025-12-21T14:55:27.699356" elapsed="0.000462"/>
</branch>
<branch type="ELSE IF" condition="'${ControlPrefix}' == 'grp'">
<kw name="GroupboxProcessing" owner="Groupbox">
<arg>${Container}</arg>
<arg>${Modus}</arg>
<arg>${Name}</arg>
<arg>${Selector}</arg>
<arg>${Value}</arg>
<status status="NOT RUN" start="2025-12-21T14:55:27.700160" elapsed="0.000100"/>
</kw>
<status status="NOT RUN" start="2025-12-21T14:55:27.699852" elapsed="0.000457"/>
</branch>
<branch type="ELSE IF" condition="'${ControlPrefix}' == 'ico'">
<kw name="IconProcessing" owner="Icon">
<arg>${Container}</arg>
<arg>${Modus}</arg>
<arg>${Name}</arg>
<arg>${Selector}</arg>
<arg>${Value}</arg>
<status status="NOT RUN" start="2025-12-21T14:55:27.700651" elapsed="0.000105"/>
</kw>
<status status="NOT RUN" start="2025-12-21T14:55:27.700343" elapsed="0.000463"/>
</branch>
<branch type="ELSE IF" condition="'${ControlPrefix}' == 'lab'">
<kw name="LabelProcessing" owner="Label">
<arg>${Container}</arg>
<arg>${Modus}</arg>
<arg>${Name}</arg>
<arg>${Selector}</arg>
<arg>${Value}</arg>
<status status="NOT RUN" start="2025-12-21T14:55:27.701144" elapsed="0.000101"/>
</kw>
<status status="NOT RUN" start="2025-12-21T14:55:27.700839" elapsed="0.000455"/>
</branch>
<branch type="ELSE IF" condition="'${ControlPrefix}' == 'lnk'">
<kw name="LinkProcessing" owner="Link">
<arg>${Container}</arg>
<arg>${Modus}</arg>
<arg>${Name}</arg>
<arg>${Selector}</arg>
<arg>${Value}</arg>
<status status="NOT RUN" start="2025-12-21T14:55:27.701632" elapsed="0.000104"/>
</kw>
<status status="NOT RUN" start="2025-12-21T14:55:27.701328" elapsed="0.000456"/>
</branch>
<branch type="ELSE IF" condition="'${ControlPrefix}' == 'men'">
<kw name="MenuProcessing" owner="Menu">
<arg>${Container}</arg>
<arg>${Modus}</arg>
<arg>${Name}</arg>
<arg>${Selector}</arg>
<arg>${Value}</arg>
<status status="NOT RUN" start="2025-12-21T14:55:27.702122" elapsed="0.000101"/>
</kw>
<status status="NOT RUN" start="2025-12-21T14:55:27.701817" elapsed="0.000455"/>
</branch>
<branch type="ELSE IF" condition="'${ControlPrefix}' == 'mlt'">
<kw name="MultiLineTextboxProcessing" owner="MultiLineTextbox">
<arg>${Container}</arg>
<arg>${Modus}</arg>
<arg>${Name}</arg>
<arg>${Selector}</arg>
<arg>${Value}</arg>
<status status="NOT RUN" start="2025-12-21T14:55:27.702605" elapsed="0.000103"/>
</kw>
<status status="NOT RUN" start="2025-12-21T14:55:27.702304" elapsed="0.000453"/>
</branch>
<branch type="ELSE IF" condition="'${ControlPrefix}' == 'msd'">
<kw name="MultiSelectDropdownProcessing" owner="MultiSelectDropdown">
<arg>${Container}</arg>
<arg>${Modus}</arg>
<arg>${Name}</arg>
<arg>${Selector}</arg>
<arg>${Value}</arg>
<status status="NOT RUN" start="2025-12-21T14:55:27.703100" elapsed="0.000100"/>
</kw>
<status status="NOT RUN" start="2025-12-21T14:55:27.702794" elapsed="0.000454"/>
</branch>
<branch type="ELSE IF" condition="'${ControlPrefix}' == 'nud'">
<kw name="NumericUpDownProcessing" owner="NumericUpDown">
<arg>${Container}</arg>
<arg>${Modus}</arg>
<arg>${Name}</arg>
<arg>${Selector}</arg>
<arg>${Value}</arg>
<status status="NOT RUN" start="2025-12-21T14:55:27.703588" elapsed="0.000109"/>
</kw>
<status status="NOT RUN" start="2025-12-21T14:55:27.703281" elapsed="0.000464"/>
</branch>
<branch type="ELSE IF" condition="'${ControlPrefix}' == 'pag'">
<kw name="PageProcessing" owner="Page">
<arg>${Container}</arg>
<arg>${Modus}</arg>
<arg>${Name}</arg>
<arg>${Selector}</arg>
<arg>${Value}</arg>
<status status="NOT RUN" start="2025-12-21T14:55:27.704089" elapsed="0.000101"/>
</kw>
<status status="NOT RUN" start="2025-12-21T14:55:27.703780" elapsed="0.000459"/>
</branch>
<branch type="ELSE IF" condition="'${ControlPrefix}' == 'pwd'">
<kw name="PasswordProcessing" owner="Password">
<arg>${Container}</arg>
<arg>${Modus}</arg>
<arg>${Name}</arg>
<arg>${Selector}</arg>
<arg>${Value}</arg>
<status status="NOT RUN" start="2025-12-21T14:55:27.704578" elapsed="0.000102"/>
</kw>
<status status="NOT RUN" start="2025-12-21T14:55:27.704272" elapsed="0.000457"/>
</branch>
<branch type="ELSE IF" condition="'${ControlPrefix}' == 'rad'">
<kw name="RadiobuttonProcessing" owner="Radiobutton">
<arg>${Container}</arg>
<arg>${Modus}</arg>
<arg>${Name}</arg>
<arg>${Selector}</arg>
<arg>${Value}</arg>
<status status="NOT RUN" start="2025-12-21T14:55:27.705071" elapsed="0.000100"/>
</kw>
<status status="NOT RUN" start="2025-12-21T14:55:27.704761" elapsed="0.000460"/>
</branch>
<branch type="ELSE IF" condition="'${ControlPrefix}' == 'sel'">
<kw name="SelectDropdownProcessing" owner="SelectDropdown">
<arg>${Container}</arg>
<arg>${Modus}</arg>
<arg>${Name}</arg>
<arg>${Selector}</arg>
<arg>${Value}</arg>
<status status="NOT RUN" start="2025-12-21T14:55:27.705559" elapsed="0.000101"/>
</kw>
<status status="NOT RUN" start="2025-12-21T14:55:27.705253" elapsed="0.000457"/>
</branch>
<branch type="ELSE IF" condition="'${ControlPrefix}' == 'tab'">
<kw name="TableProcessing" owner="Table">
<arg>${Container}</arg>
<arg>${Modus}</arg>
<arg>${Name}</arg>
<arg>${Selector}</arg>
<arg>${Value}</arg>
<status status="NOT RUN" start="2025-12-21T14:55:27.706065" elapsed="0.000101"/>
</kw>
<status status="NOT RUN" start="2025-12-21T14:55:27.705745" elapsed="0.000470"/>
</branch>
<branch type="ELSE IF" condition="'${ControlPrefix}' == 'txt'">
<kw name="TextboxProcessing" owner="Textbox">
<kw name="Log" owner="BuiltIn">
<msg time="2025-12-21T14:55:27.707540" level="INFO">C:\Users\matth\PycharmProjects\OnTop\Resources\Controls</msg>
<arg>C:\\Users\\matth\\PycharmProjects\\OnTop\\Resources\\Controls</arg>
<doc>Logs the given message with the given level.</doc>
<status status="PASS" start="2025-12-21T14:55:27.707283" elapsed="0.000298"/>
</kw>
<kw name="GetVariableValue" owner="fwVariables">
<kw name="Log" owner="BuiltIn">
<msg time="2025-12-21T14:55:27.708425" level="INFO">AUT</msg>
<arg>${theVariable}</arg>
<doc>Logs the given message with the given level.</doc>
<status status="PASS" start="2025-12-21T14:55:27.708102" elapsed="0.000395"/>
</kw>
<kw name="Evaluate" owner="BuiltIn">
<msg time="2025-12-21T14:55:27.709079" level="INFO">${Value} = Chromium</msg>
<var>${Value}</var>
<arg>$variableStorage.get("$${theVariable}", "NULL")</arg>
<doc>Evaluates the given expression in Python and returns the result.</doc>
<status status="PASS" start="2025-12-21T14:55:27.708627" elapsed="0.000478"/>
</kw>
<return>
<value>${Value}</value>
<status status="PASS" start="2025-12-21T14:55:27.709158" elapsed="0.000110"/>
</return>
<msg time="2025-12-21T14:55:27.709379" level="INFO">${actualAUT} = Chromium</msg>
<var>${actualAUT}</var>
<arg>AUT</arg>
<status status="PASS" start="2025-12-21T14:55:27.707728" elapsed="0.001674"/>
</kw>
<kw name="Catenate" owner="BuiltIn">
<msg time="2025-12-21T14:55:27.709852" level="INFO">${controlResourceFullPath} = C:/Users/matth/PycharmProjects/OnTop/Resources/Controls/Textbox_Chromium.resource</msg>
<var>${controlResourceFullPath}</var>
<arg>SEPARATOR=</arg>
<arg>C:/Users/matth/PycharmProjects/OnTop/Resources/Controls/Textbox_</arg>
<arg>${actualAUT}</arg>
<arg>.resource</arg>
<doc>Catenates the given items together and returns the resulted string.</doc>
<status status="PASS" start="2025-12-21T14:55:27.709525" elapsed="0.000352"/>
</kw>
<kw name="Import Resource" owner="BuiltIn">
<arg>${controlResourceFullPath}</arg>
<doc>Imports a resource file with the given path.</doc>
<status status="PASS" start="2025-12-21T14:55:27.710020" elapsed="0.003709"/>
</kw>
<if>
<branch type="IF" condition="'${Modus}' == '&lt;GET&gt;'">
<kw name="TextboxProcessingGet" owner="Textbox">
<arg>${Name}</arg>
<arg>${Selector}</arg>
<arg>${Value}</arg>
<status status="NOT RUN" start="2025-12-21T14:55:27.714238" elapsed="0.000109"/>
</kw>
<status status="NOT RUN" start="2025-12-21T14:55:27.713815" elapsed="0.000582"/>
</branch>
<branch type="ELSE IF" condition="'${Modus}' == '&lt;CHK&gt;'">
<kw name="TextboxProcessingChk" owner="Textbox">
<arg>${Name}</arg>
<arg>${Selector}</arg>
<arg>${Value}</arg>
<status status="NOT RUN" start="2025-12-21T14:55:27.714788" elapsed="0.000122"/>
</kw>
<status status="NOT RUN" start="2025-12-21T14:55:27.714432" elapsed="0.000535"/>
</branch>
<branch type="ELSE IF" condition="'${Modus}' == '&lt;SET&gt;'">
<kw name="TextboxProcessingSet" owner="Textbox">
<kw name="Log" owner="BuiltIn">
<msg time="2025-12-21T14:55:27.716262" level="INFO">TextboxProcessingSet</msg>
<arg>TextboxProcessingSet</arg>
<doc>Logs the given message with the given level.</doc>
<status status="PASS" start="2025-12-21T14:55:27.715833" elapsed="0.000480"/>
</kw>
<kw name="Textbox specific set text" owner="Textbox_Chromium">
<kw name="Clear Text" owner="Browser">
<arg>${Selector}</arg>
<tag>PageContent</tag>
<tag>Setter</tag>
<doc>Clears the text field found by ``selector``.</doc>
<status status="PASS" start="2025-12-21T14:55:27.717795" elapsed="1.032305"/>
</kw>
<kw name="Type Text" owner="Browser">
<msg time="2025-12-21T14:55:28.751471" level="INFO">Types the text 'matthias@matthias-schmotz.de' in the given field.</msg>
<arg>${Selector}</arg>
<arg>${Value}</arg>
<arg>0.01</arg>
<arg>False</arg>
<tag>PageContent</tag>
<tag>Setter</tag>
<doc>Types the given ``txt`` into the text field found by ``selector``.</doc>
<status status="PASS" start="2025-12-21T14:55:28.750822" elapsed="1.466046"/>
</kw>
<arg>${Selector}</arg>
<arg>${Value}</arg>
<status status="PASS" start="2025-12-21T14:55:27.716497" elapsed="2.500505"/>
</kw>
<arg>${Name}</arg>
<arg>${Selector}</arg>
<arg>${Value}</arg>
<status status="PASS" start="2025-12-21T14:55:27.715262" elapsed="2.501830"/>
</kw>
<status status="PASS" start="2025-12-21T14:55:27.715000" elapsed="2.502135"/>
</branch>
<branch type="ELSE">
<kw name="Fatal Error" owner="BuiltIn">
<arg>Modus not defined</arg>
<doc>Stops the whole test execution.</doc>
<status status="NOT RUN" start="2025-12-21T14:55:30.217483" elapsed="0.000120"/>
</kw>
<status status="NOT RUN" start="2025-12-21T14:55:30.217179" elapsed="0.000469"/>
</branch>
<status status="PASS" start="2025-12-21T14:55:27.713797" elapsed="2.503881"/>
</if>
<arg>${Container}</arg>
<arg>${Modus}</arg>
<arg>${Name}</arg>
<arg>${Selector}</arg>
<arg>${Value}</arg>
<status status="PASS" start="2025-12-21T14:55:27.706551" elapsed="2.511172"/>
</kw>
<status status="PASS" start="2025-12-21T14:55:27.706246" elapsed="2.511521"/>
</branch>
<branch type="ELSE IF" condition="'${ControlPrefix}' == 'uli'">
<kw name="UnorderedListProcessing" owner="UnorderedList">
<arg>${Container}</arg>
<arg>${Modus}</arg>
<arg>${Name}</arg>
<arg>${Selector}</arg>
<arg>${Value}</arg>
<status status="NOT RUN" start="2025-12-21T14:55:30.218090" elapsed="0.000106"/>
</kw>
<status status="NOT RUN" start="2025-12-21T14:55:30.217798" elapsed="0.000449"/>
</branch>
<branch type="ELSE">
<kw name="Log" owner="BuiltIn">
<arg>not defined yet ...</arg>
<doc>Logs the given message with the given level.</doc>
<status status="NOT RUN" start="2025-12-21T14:55:30.218478" elapsed="0.000110"/>
</kw>
<status status="NOT RUN" start="2025-12-21T14:55:30.218281" elapsed="0.000352"/>
</branch>
<status status="PASS" start="2025-12-21T14:55:27.698339" elapsed="2.520324"/>
</if>
<arg>${theDialog}</arg>
<arg>${theControlModus}</arg>
<arg>${theControlHeader}</arg>
<arg>${theControlSelector}</arg>
<arg>${theControlValue}</arg>
<status status="PASS" start="2025-12-21T14:55:27.697497" elapsed="2.521207"/>
</kw>
<kw name="Switch Current Excel Document" owner="ExcelLibrary">
<arg>actualDialog</arg>
<doc>Switches current excel document.</doc>
<status status="PASS" start="2025-12-21T14:55:30.218844" elapsed="0.000195"/>
</kw>
<status status="PASS" start="2025-12-21T14:55:27.696853" elapsed="2.522230"/>
</branch>
<branch type="ELSE">
<kw name="Log" owner="BuiltIn">
<arg>No control value found!</arg>
<doc>Logs the given message with the given level.</doc>
<status status="NOT RUN" start="2025-12-21T14:55:30.219308" elapsed="0.000099"/>
</kw>
<status status="NOT RUN" start="2025-12-21T14:55:30.219116" elapsed="0.000335"/>
</branch>
<status status="PASS" start="2025-12-21T14:55:27.696838" elapsed="2.522643"/>
</if>
<var name="${col_index}">7</var>
<status status="PASS" start="2025-12-21T14:55:27.693922" elapsed="2.525581"/>
</iter>
<iter>
<kw name="Log" owner="BuiltIn">
<msg time="2025-12-21T14:55:30.220168" level="INFO">8</msg>
<arg>${col_index}</arg>
<doc>Logs the given message with the given level.</doc>
<status status="PASS" start="2025-12-21T14:55:30.219874" elapsed="0.000335"/>
</kw>
<kw name="Read Excel Cell" owner="ExcelLibrary">
<msg time="2025-12-21T14:55:30.220586" level="INFO">${theControlHeader} = lnkPasswortVergessen</msg>
<var>${theControlHeader}</var>
<arg>3</arg>
<arg>${col_index}</arg>
<doc>Returns content of a cell.</doc>
<status status="PASS" start="2025-12-21T14:55:30.220347" elapsed="0.000265"/>
</kw>
<kw name="Read Excel Cell" owner="ExcelLibrary">
<msg time="2025-12-21T14:55:30.220980" level="INFO">${theControlSelector} = text=Passwort vergessen</msg>
<var>${theControlSelector}</var>
<arg>${SelectorRowIndex}</arg>
<arg>${col_index}</arg>
<doc>Returns content of a cell.</doc>
<status status="PASS" start="2025-12-21T14:55:30.220747" elapsed="0.000258"/>
</kw>
<kw name="Read Excel Cell" owner="ExcelLibrary">
<msg time="2025-12-21T14:55:30.221358" level="INFO">${theControlModus} = &lt;SET&gt;</msg>
<var>${theControlModus}</var>
<arg>${row_index}</arg>
<arg>2</arg>
<doc>Returns content of a cell.</doc>
<status status="PASS" start="2025-12-21T14:55:30.221140" elapsed="0.000243"/>
</kw>
<kw name="Read Excel Cell" owner="ExcelLibrary">
<msg time="2025-12-21T14:55:30.221755" level="INFO">${theControlValue} = None</msg>
<var>${theControlValue}</var>
<arg>${row_index}</arg>
<arg>${col_index}</arg>
<doc>Returns content of a cell.</doc>
<status status="PASS" start="2025-12-21T14:55:30.221517" elapsed="0.000263"/>
</kw>
<kw name="Convert To String" owner="BuiltIn">
<arg>${theControlModus}</arg>
<doc>Converts the given item to a Unicode string.</doc>
<status status="PASS" start="2025-12-21T14:55:30.221957" elapsed="0.000287"/>
</kw>
<kw name="Convert To String" owner="BuiltIn">
<arg>${theControlValue}</arg>
<doc>Converts the given item to a Unicode string.</doc>
<status status="PASS" start="2025-12-21T14:55:30.222378" elapsed="0.000292"/>
</kw>
<if>
<branch type="IF" condition="${{$theControlValue is not None}}">
<kw name="ControlProcessing" owner="fwControl">
<arg>${theDialog}</arg>
<arg>${theControlModus}</arg>
<arg>${theControlHeader}</arg>
<arg>${theControlSelector}</arg>
<arg>${theControlValue}</arg>
<status status="NOT RUN" start="2025-12-21T14:55:30.223441" elapsed="0.000114"/>
</kw>
<kw name="Switch Current Excel Document" owner="ExcelLibrary">
<arg>actualDialog</arg>
<doc>Switches current excel document.</doc>
<status status="NOT RUN" start="2025-12-21T14:55:30.223698" elapsed="0.000099"/>
</kw>
<status status="NOT RUN" start="2025-12-21T14:55:30.222744" elapsed="0.001097"/>
</branch>
<branch type="ELSE">
<kw name="Log" owner="BuiltIn">
<msg time="2025-12-21T14:55:30.224290" level="INFO">No control value found!</msg>
<arg>No control value found!</arg>
<doc>Logs the given message with the given level.</doc>
<status status="PASS" start="2025-12-21T14:55:30.224058" elapsed="0.000272"/>
</kw>
<status status="PASS" start="2025-12-21T14:55:30.223875" elapsed="0.000498"/>
</branch>
<status status="PASS" start="2025-12-21T14:55:30.222727" elapsed="0.001676"/>
</if>
<var name="${col_index}">8</var>
<status status="PASS" start="2025-12-21T14:55:30.219683" elapsed="0.004740"/>
</iter>
<iter>
<kw name="Log" owner="BuiltIn">
<msg time="2025-12-21T14:55:30.225010" level="INFO">9</msg>
<arg>${col_index}</arg>
<doc>Logs the given message with the given level.</doc>
<status status="PASS" start="2025-12-21T14:55:30.224751" elapsed="0.000299"/>
</kw>
<kw name="Read Excel Cell" owner="ExcelLibrary">
<msg time="2025-12-21T14:55:30.225401" level="INFO">${theControlHeader} = pwdPasswort</msg>
<var>${theControlHeader}</var>
<arg>3</arg>
<arg>${col_index}</arg>
<doc>Returns content of a cell.</doc>
<status status="PASS" start="2025-12-21T14:55:30.225182" elapsed="0.000243"/>
</kw>
<kw name="Read Excel Cell" owner="ExcelLibrary">
<msg time="2025-12-21T14:55:30.225800" level="INFO">${theControlSelector} = id=password</msg>
<var>${theControlSelector}</var>
<arg>${SelectorRowIndex}</arg>
<arg>${col_index}</arg>
<doc>Returns content of a cell.</doc>
<status status="PASS" start="2025-12-21T14:55:30.225568" elapsed="0.000256"/>
</kw>
<kw name="Read Excel Cell" owner="ExcelLibrary">
<msg time="2025-12-21T14:55:30.226175" level="INFO">${theControlModus} = &lt;SET&gt;</msg>
<var>${theControlModus}</var>
<arg>${row_index}</arg>
<arg>2</arg>
<doc>Returns content of a cell.</doc>
<status status="PASS" start="2025-12-21T14:55:30.225958" elapsed="0.000242"/>
</kw>
<kw name="Read Excel Cell" owner="ExcelLibrary">
<msg time="2025-12-21T14:55:30.226572" level="INFO">${theControlValue} = &lt;GETPASSWORD&gt;</msg>
<var>${theControlValue}</var>
<arg>${row_index}</arg>
<arg>${col_index}</arg>
<doc>Returns content of a cell.</doc>
<status status="PASS" start="2025-12-21T14:55:30.226334" elapsed="0.000263"/>
</kw>
<kw name="Convert To String" owner="BuiltIn">
<arg>${theControlModus}</arg>
<doc>Converts the given item to a Unicode string.</doc>
<status status="PASS" start="2025-12-21T14:55:30.226732" elapsed="0.000282"/>
</kw>
<kw name="Convert To String" owner="BuiltIn">
<arg>${theControlValue}</arg>
<doc>Converts the given item to a Unicode string.</doc>
<status status="PASS" start="2025-12-21T14:55:30.227147" elapsed="0.000277"/>
</kw>
<if>
<branch type="IF" condition="${{$theControlValue is not None}}">
<kw name="ControlProcessing" owner="fwControl">
<kw name="Get Substring" owner="String">
<msg time="2025-12-21T14:55:30.228933" level="INFO">${ControlPrefix} = pwd</msg>
<var>${ControlPrefix}</var>
<arg>${Name}</arg>
<arg>0</arg>
<arg>3</arg>
<doc>Returns a substring from ``start`` index to ``end`` index.</doc>
<status status="PASS" start="2025-12-21T14:55:30.228668" elapsed="0.000290"/>
</kw>
<if>
<branch type="IF" condition="'${ControlPrefix}' == 'but'">
<kw name="ButtonProcessing" owner="Button">
<arg>${Container}</arg>
<arg>${Modus}</arg>
<arg>${Name}</arg>
<arg>${Selector}</arg>
<arg>${Value}</arg>
<status status="NOT RUN" start="2025-12-21T14:55:30.229347" elapsed="0.000104"/>
</kw>
<status status="NOT RUN" start="2025-12-21T14:55:30.229033" elapsed="0.000468"/>
</branch>
<branch type="ELSE IF" condition="'${ControlPrefix}' == 'cal'">
<kw name="CalendarProcessing" owner="Calendar">
<arg>${Container}</arg>
<arg>${Modus}</arg>
<arg>${Name}</arg>
<arg>${Selector}</arg>
<arg>${Value}</arg>
<status status="NOT RUN" start="2025-12-21T14:55:30.229850" elapsed="0.000101"/>
</kw>
<status status="NOT RUN" start="2025-12-21T14:55:30.229534" elapsed="0.000468"/>
</branch>
<branch type="ELSE IF" condition="'${ControlPrefix}' == 'chk'">
<kw name="CheckboxProcessing" owner="Checkbox">
<arg>${Container}</arg>
<arg>${Modus}</arg>
<arg>${Name}</arg>
<arg>${Selector}</arg>
<arg>${Value}</arg>
<status status="NOT RUN" start="2025-12-21T14:55:30.230345" elapsed="0.000103"/>
</kw>
<status status="NOT RUN" start="2025-12-21T14:55:30.230035" elapsed="0.000462"/>
</branch>
<branch type="ELSE IF" condition="'${ControlPrefix}' == 'grp'">
<kw name="GroupboxProcessing" owner="Groupbox">
<arg>${Container}</arg>
<arg>${Modus}</arg>
<arg>${Name}</arg>
<arg>${Selector}</arg>
<arg>${Value}</arg>
<status status="NOT RUN" start="2025-12-21T14:55:30.230901" elapsed="0.000103"/>
</kw>
<status status="NOT RUN" start="2025-12-21T14:55:30.230530" elapsed="0.000523"/>
</branch>
<branch type="ELSE IF" condition="'${ControlPrefix}' == 'ico'">
<kw name="IconProcessing" owner="Icon">
<arg>${Container}</arg>
<arg>${Modus}</arg>
<arg>${Name}</arg>
<arg>${Selector}</arg>
<arg>${Value}</arg>
<status status="NOT RUN" start="2025-12-21T14:55:30.231393" elapsed="0.000102"/>
</kw>
<status status="NOT RUN" start="2025-12-21T14:55:30.231085" elapsed="0.000468"/>
</branch>
<branch type="ELSE IF" condition="'${ControlPrefix}' == 'lab'">
<kw name="LabelProcessing" owner="Label">
<arg>${Container}</arg>
<arg>${Modus}</arg>
<arg>${Name}</arg>
<arg>${Selector}</arg>
<arg>${Value}</arg>
<status status="NOT RUN" start="2025-12-21T14:55:30.231898" elapsed="0.000102"/>
</kw>
<status status="NOT RUN" start="2025-12-21T14:55:30.231587" elapsed="0.000461"/>
</branch>
<branch type="ELSE IF" condition="'${ControlPrefix}' == 'lnk'">
<kw name="LinkProcessing" owner="Link">
<arg>${Container}</arg>
<arg>${Modus}</arg>
<arg>${Name}</arg>
<arg>${Selector}</arg>
<arg>${Value}</arg>
<status status="NOT RUN" start="2025-12-21T14:55:30.232386" elapsed="0.000101"/>
</kw>
<status status="NOT RUN" start="2025-12-21T14:55:30.232079" elapsed="0.000457"/>
</branch>
<branch type="ELSE IF" condition="'${ControlPrefix}' == 'men'">
<kw name="MenuProcessing" owner="Menu">
<arg>${Container}</arg>
<arg>${Modus}</arg>
<arg>${Name}</arg>
<arg>${Selector}</arg>
<arg>${Value}</arg>
<status status="NOT RUN" start="2025-12-21T14:55:30.232887" elapsed="0.000101"/>
</kw>
<status status="NOT RUN" start="2025-12-21T14:55:30.232579" elapsed="0.000457"/>
</branch>
<branch type="ELSE IF" condition="'${ControlPrefix}' == 'mlt'">
<kw name="MultiLineTextboxProcessing" owner="MultiLineTextbox">
<arg>${Container}</arg>
<arg>${Modus}</arg>
<arg>${Name}</arg>
<arg>${Selector}</arg>
<arg>${Value}</arg>
<status status="NOT RUN" start="2025-12-21T14:55:30.233374" elapsed="0.000102"/>
</kw>
[...]
<kw name="Get Table Cell Element" owner="Browser">
<var>${CellValue}</var>
<arg>${Selector}</arg>
<arg>${col_ix}</arg>
<arg>${row_ix}</arg>
<tag>Getter</tag>
<tag>PageContent</tag>
<doc>Returns the Web Element that has the same column index and same row index as the selected elements.</doc>
<status status="NOT RUN" start="2025-12-21T14:55:41.355955" elapsed="0.000123"/>
</kw>
<kw name="Get Text" owner="Browser">
<var>${Ist}</var>
<arg>${CellValue}</arg>
<tag>Assertion</tag>
<tag>Getter</tag>
<tag>PageContent</tag>
<doc>Returns text attribute of the element found by ``selector``.</doc>
<status status="NOT RUN" start="2025-12-21T14:55:41.356250" elapsed="0.000117"/>
</kw>
<if>
<branch type="IF" condition="'${Soll}' != '${Ist}'">
<kw name="Set Variable" owner="BuiltIn">
<var>${RowFound}</var>
<arg>${False}</arg>
<doc>Returns the given values which can then be assigned to a variables.</doc>
<status status="NOT RUN" start="2025-12-21T14:55:41.356665" elapsed="0.000178"/>
</kw>
<kw name="Exit For Loop" owner="BuiltIn">
<doc>Stops executing the enclosing FOR loop.</doc>
<status status="NOT RUN" start="2025-12-21T14:55:41.357048" elapsed="0.000170"/>
</kw>
<status status="NOT RUN" start="2025-12-21T14:55:41.356454" elapsed="0.000854"/>
</branch>
<status status="NOT RUN" start="2025-12-21T14:55:41.356437" elapsed="0.000909"/>
</if>
<status status="NOT RUN" start="2025-12-21T14:55:41.354870" elapsed="0.002499"/>
</branch>
<status status="PASS" start="2025-12-21T14:55:41.354852" elapsed="0.002545"/>
</if>
<var name="${col_ix}">3</var>
<status status="PASS" start="2025-12-21T14:55:41.353656" elapsed="0.003761"/>
</iter>
<var>${col_ix}</var>
<value>0</value>
<value>${col_count}</value>
<status status="PASS" start="2025-12-21T14:55:41.260650" elapsed="0.096810"/>
</for>
<if>
<branch type="IF" condition="${RowFound} == ${True}">
<kw name="Log" owner="BuiltIn">
<msg time="2025-12-21T14:55:41.358139" level="INFO">now deleting row !!!</msg>
<arg>now deleting row !!!</arg>
<doc>Logs the given message with the given level.</doc>
<status status="PASS" start="2025-12-21T14:55:41.357844" elapsed="0.000340"/>
</kw>
<kw name="Get Table Cell Element" owner="Browser">
<msg time="2025-12-21T14:55:41.364548" level="INFO">JavaScript executed successfully.</msg>
<msg time="2025-12-21T14:55:41.368344" level="INFO">Locator found successfully.</msg>
<msg time="2025-12-21T14:55:41.368564" level="INFO">${CellRowMenu} = xpath=//table &gt;&gt; tr &gt;&gt; nth=1 &gt;&gt; &gt; * &gt;&gt; nth=3</msg>
<var>${CellRowMenu}</var>
<arg>${Selector}</arg>
<arg>3</arg>
<arg>${row_ix}</arg>
<tag>Getter</tag>
<tag>PageContent</tag>
<doc>Returns the Web Element that has the same column index and same row index as the selected elements.</doc>
<status status="PASS" start="2025-12-21T14:55:41.358339" elapsed="0.010257"/>
</kw>
<kw name="Click" owner="Browser">
<msg time="2025-12-21T14:55:41.369583" level="INFO">Clicks the element 'xpath=//table &gt;&gt; tr &gt;&gt; nth=1 &gt;&gt; &gt; * &gt;&gt; nth=3 &gt;&gt; div &gt;&gt; button &gt;&gt; i &gt;&gt; nth=1'.</msg>
<arg>${CellRowMenu} &gt;&gt; div &gt;&gt; button &gt;&gt; i &gt;&gt; nth=1</arg>
<tag>PageContent</tag>
<tag>Setter</tag>
<doc>Simulates mouse click on the element found by ``selector``.</doc>
<status status="PASS" start="2025-12-21T14:55:41.368869" elapsed="1.027698"/>
</kw>
<kw name="Wait For Load State" owner="Browser">
<msg time="2025-12-21T14:55:42.397472" level="INFO">Waiting page load to state to receive networkidle in 3000.0</msg>
<msg time="2025-12-21T14:55:42.399185" level="INFO">Load state networkidle got in 3000</msg>
<arg>networkidle</arg>
<arg>timeout=3s</arg>
<tag>PageContent</tag>
<tag>Wait</tag>
<doc>Waits that the page reaches the required load state.</doc>
<status status="PASS" start="2025-12-21T14:55:42.396846" elapsed="0.002418"/>
</kw>
<kw name="Take Screenshot" owner="Browser">
<msg time="2025-12-21T14:55:42.525691" level="INFO" html="true">&lt;/td&gt;&lt;/tr&gt;&lt;tr&gt;&lt;td colspan="3"&gt;&lt;a href="browser/screenshot/robotframework-browser-screenshot-1.png" target="_blank"&gt;&lt;img src="browser/screenshot/robotframework-browser-screenshot-1.png" width="800px"/&gt;&lt;/a&gt;</msg>
<tag>PageContent</tag>
<doc>Takes a screenshot of the current window or element and saves it to disk.</doc>
<status status="PASS" start="2025-12-21T14:55:42.399441" elapsed="0.126422"/>
</kw>
<kw name="Sleep" owner="BuiltIn">
<msg time="2025-12-21T14:55:43.527169" level="INFO">Slept 1 second.</msg>
<arg>1s</arg>
<doc>Pauses the test executed for the given time.</doc>
<status status="PASS" start="2025-12-21T14:55:42.526061" elapsed="1.001207"/>
</kw>
<kw name="Sleep" owner="BuiltIn">
<msg time="2025-12-21T14:55:44.528713" level="INFO">Slept 1 second.</msg>
<arg>1s</arg>
<doc>Pauses the test executed for the given time.</doc>
<status status="PASS" start="2025-12-21T14:55:43.527480" elapsed="1.001333"/>
</kw>
<kw name="Wait For Elements State" owner="Browser">
<msg time="2025-12-21T14:55:44.533761" level="INFO">Waited for Element with selector //*[@class='dropdown-menu show'] at state visible</msg>
<arg>//*[@class='dropdown-menu show']</arg>
<arg>visible</arg>
<arg>timeout=3s</arg>
<tag>PageContent</tag>
<tag>Wait</tag>
<doc>Waits for the element found by ``selector`` to satisfy state option.</doc>
<status status="PASS" start="2025-12-21T14:55:44.529066" elapsed="0.004830"/>
</kw>
<kw name="Wait For Elements State" owner="Browser">
<msg time="2025-12-21T14:55:44.537456" level="INFO">Waited for Element with selector //*[@class='dropdown-menu show']/*[@class='dropdown-item' and text()=' Löschen'] at state visible</msg>
<arg>//*[@class='dropdown-menu show']/*[@class='dropdown-item' and text()=' Löschen']</arg>
<tag>PageContent</tag>
<tag>Wait</tag>
<doc>Waits for the element found by ``selector`` to satisfy state option.</doc>
<status status="PASS" start="2025-12-21T14:55:44.534127" elapsed="0.003437"/>
</kw>
<kw name="Get Element" owner="Browser">
<msg time="2025-12-21T14:55:44.540615" level="INFO">Locator found successfully.</msg>
<msg time="2025-12-21T14:55:44.540740" level="INFO">${menItemDelete} = //*[@class='dropdown-menu show']/*[@class='dropdown-item' and text()=' Löschen']</msg>
<var>${menItemDelete}</var>
<arg>//*[@class='dropdown-menu show']/*[@class='dropdown-item' and text()=' Löschen']</arg>
<tag>Getter</tag>
<tag>PageContent</tag>
<doc>Returns a reference to a Playwright [https://playwright.dev/docs/api/class-locator|Locator].</doc>
<status status="PASS" start="2025-12-21T14:55:44.537763" elapsed="0.003003"/>
</kw>
<kw name="Convert To String" owner="BuiltIn">
<msg time="2025-12-21T14:55:44.541273" level="INFO">${menItemDeleteSelector} = //*[@class='dropdown-menu show']/*[@class='dropdown-item' and text()=' Löschen']</msg>
<var>${menItemDeleteSelector}</var>
<arg>//*[@class='dropdown-menu show']/*[@class='dropdown-item' and text()=' Löschen']</arg>
<doc>Converts the given item to a Unicode string.</doc>
<status status="PASS" start="2025-12-21T14:55:44.540944" elapsed="0.000398"/>
</kw>
<kw name="Get BoundingBox" owner="Browser">
<msg time="2025-12-21T14:55:44.547173" level="INFO">${boundingBox} = {'x': 1080.800048828125, 'y': 353.6499938964844, 'width': 190.4000244140625, 'height': 40.100006103515625}</msg>
<var>${boundingBox}</var>
<arg>${menItemDelete}</arg>
<tag>Assertion</tag>
<tag>Getter</tag>
<tag>PageContent</tag>
<doc>Gets elements size and location as an object ``{x: float, y: float, width: float, height: float}``.</doc>
<status status="PASS" start="2025-12-21T14:55:44.541495" elapsed="0.005710"/>
</kw>
<kw name="Evaluate" owner="BuiltIn">
<msg time="2025-12-21T14:55:44.548348" level="INFO">${x} = 1176.0000610351562</msg>
<var>${x}</var>
<arg>${boundingBox}[x] + ${boundingBox}[width] / 2</arg>
<doc>Evaluates the given expression in Python and returns the result.</doc>
<status status="PASS" start="2025-12-21T14:55:44.547400" elapsed="0.000976"/>
</kw>
<kw name="Evaluate" owner="BuiltIn">
<msg time="2025-12-21T14:55:44.549204" level="INFO">${y} = 373.6999969482422</msg>
<var>${y}</var>
<arg>${boundingBox}[y] + ${boundingBox}[height] / 2</arg>
<doc>Evaluates the given expression in Python and returns the result.</doc>
<status status="PASS" start="2025-12-21T14:55:44.548533" elapsed="0.000698"/>
</kw>
<kw name="Mouse Move" owner="Browser">
<msg time="2025-12-21T14:55:44.550574" level="INFO">Moving mouse to x: 1176.0000610351562, y: 373.6999969482422 coordinates.</msg>
<arg>${x}</arg>
<arg>${y}</arg>
<arg>50</arg>
<tag>PageContent</tag>
<tag>Setter</tag>
<doc>Instead of selectors command mouse with coordinates.
The Click commands will leave the virtual mouse on the specified coordinates.</doc>
<status status="PASS" start="2025-12-21T14:55:44.549379" elapsed="1.821203"/>
</kw>
<kw name="Get Attribute" owner="Browser">
<msg time="2025-12-21T14:55:46.378022" level="INFO">Attribute is: 'https://app.tt-planer.de/profile/absences/delete/1227'</msg>
<msg time="2025-12-21T14:55:46.378134" level="INFO">${UrlDeleteRow} = https://app.tt-planer.de/profile/absences/delete/1227</msg>
<var>${UrlDeleteRow}</var>
<arg>${menItemDelete}</arg>
<arg>href</arg>
<tag>Assertion</tag>
<tag>Getter</tag>
<tag>PageContent</tag>
<doc>Returns the HTML ``attribute`` of the element found by ``selector``.</doc>
<status status="PASS" start="2025-12-21T14:55:46.370874" elapsed="0.007286"/>
</kw>
<kw name="Log" owner="BuiltIn">
<msg time="2025-12-21T14:55:46.378779" level="INFO">URL for deletion: https://app.tt-planer.de/profile/absences/delete/1227</msg>
<arg>URL for deletion: ${UrlDeleteRow}</arg>
<doc>Logs the given message with the given level.</doc>
<status status="PASS" start="2025-12-21T14:55:46.378380" elapsed="0.000441"/>
</kw>
<kw name="Go To" owner="Browser">
<msg time="2025-12-21T14:55:47.992479" level="INFO">Successfully opened URL https://app.tt-planer.de/profile/absences/delete/1227</msg>
<arg>${UrlDeleteRow}</arg>
<tag>BrowserControl</tag>
<tag>Setter</tag>
<doc>Navigates to the given ``url``.</doc>
<status status="PASS" start="2025-12-21T14:55:46.378983" elapsed="1.613682"/>
</kw>
<kw name="Set Variable" owner="BuiltIn">
<msg time="2025-12-21T14:55:47.993419" level="INFO">${RowDeleted} = True</msg>
<var>${RowDeleted}</var>
<arg>${True}</arg>
<doc>Returns the given values which can then be assigned to a variables.</doc>
<status status="PASS" start="2025-12-21T14:55:47.992934" elapsed="0.000511"/>
</kw>
<kw name="Log" owner="BuiltIn">
<msg time="2025-12-21T14:55:47.993947" level="INFO">True</msg>
<arg>${RowDeleted}</arg>
<doc>Logs the given message with the given level.</doc>
<status status="PASS" start="2025-12-21T14:55:47.993612" elapsed="0.000376"/>
</kw>
<kw name="Exit For Loop" owner="BuiltIn">
<msg time="2025-12-21T14:55:47.994349" level="INFO">Exiting for loop altogether.</msg>
<doc>Stops executing the enclosing FOR loop.</doc>
<status status="PASS" start="2025-12-21T14:55:47.994125" elapsed="0.000280"/>
</kw>
<status status="PASS" start="2025-12-21T14:55:41.357540" elapsed="6.636910"/>
</branch>
<status status="PASS" start="2025-12-21T14:55:41.357526" elapsed="6.636968"/>
</if>
<var name="${row_ix}">1</var>
<status status="PASS" start="2025-12-21T14:55:41.260075" elapsed="6.734447"/>
</iter>
<var>${row_ix}</var>
<value>1</value>
<value>${row_count+1}</value>
<status status="PASS" start="2025-12-21T14:55:41.259289" elapsed="6.735277"/>
</for>
<if>
<branch type="IF" condition="${RowDeleted} == ${True}">
<kw name="Log" owner="BuiltIn">
<msg time="2025-12-21T14:55:47.995227" level="INFO">Row successfully deleted!</msg>
<arg>Row successfully deleted!</arg>
<doc>Logs the given message with the given level.</doc>
<status status="PASS" start="2025-12-21T14:55:47.994987" elapsed="0.000279"/>
</kw>
<status status="PASS" start="2025-12-21T14:55:47.994680" elapsed="0.000628"/>
</branch>
<branch type="ELSE">
<kw name="Fail" owner="BuiltIn">
<arg>Row to delete was not found!</arg>
<doc>Fails the test with the given message and optionally alters its tags.</doc>
<status status="NOT RUN" start="2025-12-21T14:55:47.995538" elapsed="0.000129"/>
</kw>
<status status="NOT RUN" start="2025-12-21T14:55:47.995341" elapsed="0.000385"/>
</branch>
<status status="PASS" start="2025-12-21T14:55:47.994663" elapsed="0.001092"/>
</if>
<arg>${Selector}</arg>
<arg>${Value}</arg>
<arg>${AllData}</arg>
<status status="PASS" start="2025-12-21T14:55:41.136443" elapsed="6.859361"/>
</kw>
<arg>${Selector}</arg>
<arg>${Value}</arg>
<status status="PASS" start="2025-12-21T14:55:41.128269" elapsed="6.867594"/>
</kw>
<arg>${contains}</arg>
<arg>deleteKeywordProcessing</arg>
<arg>${Selector}</arg>
<arg>${Value}</arg>
<doc>Runs the given keyword with the given arguments, if ``condition`` is true.</doc>
<status status="PASS" start="2025-12-21T14:55:41.127823" elapsed="6.868088"/>
</kw>
<status status="PASS" start="2025-12-21T14:55:41.126424" elapsed="6.869527"/>
</branch>
<branch type="ELSE">
<kw name="Table specific set text" owner="Table_Chromium">
<arg>${Selector}</arg>
<arg>${Value}</arg>
<status status="NOT RUN" start="2025-12-21T14:55:47.996207" elapsed="0.000104"/>
</kw>
<status status="NOT RUN" start="2025-12-21T14:55:47.995982" elapsed="0.000373"/>
</branch>
<status status="PASS" start="2025-12-21T14:55:41.126408" elapsed="6.869977"/>
</if>
<arg>${Name}</arg>
<arg>${Selector}</arg>
<arg>${Value}</arg>
<status status="PASS" start="2025-12-21T14:55:41.125052" elapsed="6.871375"/>
</kw>
<status status="PASS" start="2025-12-21T14:55:41.124750" elapsed="6.871715"/>
</branch>
<branch type="ELSE">
<kw name="Fatal Error" owner="BuiltIn">
<arg>Modus not defined</arg>
<doc>Stops the whole test execution.</doc>
<status status="NOT RUN" start="2025-12-21T14:55:47.996695" elapsed="0.000097"/>
</kw>
<status status="NOT RUN" start="2025-12-21T14:55:47.996496" elapsed="0.000340"/>
</branch>
<status status="PASS" start="2025-12-21T14:55:41.123544" elapsed="6.873322"/>
</if>
<arg>dlgProfil_pagAbwesenheiten</arg>
<arg>&lt;SET&gt;</arg>
<arg>tabAbwesenheiten</arg>
<arg>xpath=//table</arg>
<arg>&lt;DELETE Abwesenheit Sylvester&gt;</arg>
<status status="PASS" start="2025-12-21T14:55:41.108874" elapsed="6.888034"/>
</kw>
<status status="PASS" start="2025-12-21T14:55:24.480933" elapsed="23.516446"/>
</test>
<status status="PASS" start="2025-12-21T14:55:23.469798" elapsed="24.530560"/>
</suite>
<status status="PASS" start="2025-12-21T14:55:23.468768" elapsed="24.533552"/>
</suite>
<status status="PASS" start="2025-12-21T14:55:23.467633" elapsed="24.535310"/>
</suite>
<status status="PASS" start="2025-12-21T14:55:23.432959" elapsed="24.570615"/>
</suite>
<statistics>
<total>
<stat pass="1" fail="0" skip="0">All Tests</stat>
</total>
<tag>
</tag>
<suite>
<stat name="OnTop" id="s1" pass="1" fail="0" skip="0">OnTop</stat>
<stat name="Resources" id="s1-s1" pass="1" fail="0" skip="0">OnTop.Resources</stat>
<stat name="Controls" id="s1-s1-s1" pass="1" fail="0" skip="0">OnTop.Resources.Controls</stat>
<stat name="Table Tests" id="s1-s1-s1-s1" pass="1" fail="0" skip="0">OnTop.Resources.Controls.Table Tests</stat>
</suite>
</statistics>
<errors>
<msg time="2025-12-21T14:55:24.373260" level="WARN">Error in file 'C:\Users\matth\PycharmProjects\OnTop\Resources\Framework\fwDialog.resource' on line 3: Suite 'OnTop.Resources.Controls.Table Tests' has already imported library 'Browser' with different arguments. This import is ignored.</msg>
<msg time="2025-12-21T14:55:24.386136" level="WARN">Error in file 'C:\Users\matth\PycharmProjects\OnTop\Resources\Controls\Button.resource' on line 3: Suite 'OnTop.Resources.Controls.Table Tests' has already imported library 'Browser' with different arguments. This import is ignored.</msg>
<msg time="2025-12-21T14:55:24.401561" level="WARN">Error in file 'C:\Users\matth\PycharmProjects\OnTop\Resources\Keywords\mandatoryFieldKeywordsVehicleInsuranceApp.resource' on line 3: Suite 'OnTop.Resources.Controls.Table Tests' has already imported library 'Browser' with different arguments. This import is ignored.</msg>
<msg time="2025-12-21T14:55:24.419812" level="WARN">Error in file 'C:\Users\matth\PycharmProjects\OnTop\Resources\Controls\Link.resource' on line 3: Suite 'OnTop.Resources.Controls.Table Tests' has already imported library 'Browser' with different arguments. This import is ignored.</msg>
<msg time="2025-12-21T14:55:24.426493" level="WARN">Error in file 'C:\Users\matth\PycharmProjects\OnTop\Resources\Controls\MultiLineTextbox.resource' on line 3: Suite 'OnTop.Resources.Controls.Table Tests' has already imported library 'Browser' with different arguments. This import is ignored.</msg>
<msg time="2025-12-21T14:55:24.430523" level="WARN">Error in file 'C:\Users\matth\PycharmProjects\OnTop\Resources\Controls\MultiSelectDropdown.resource' on line 3: Suite 'OnTop.Resources.Controls.Table Tests' has already imported library 'Browser' with different arguments. This import is ignored.</msg>
<msg time="2025-12-21T14:55:24.434404" level="WARN">Error in file 'C:\Users\matth\PycharmProjects\OnTop\Resources\Controls\NumericUpDown.resource' on line 3: Suite 'OnTop.Resources.Controls.Table Tests' has already imported library 'Browser' with different arguments. This import is ignored.</msg>
<msg time="2025-12-21T14:55:24.442084" level="WARN">Error in file 'C:\Users\matth\PycharmProjects\OnTop\Resources\Controls\Page.resource' on line 3: Suite 'OnTop.Resources.Controls.Table Tests' has already imported library 'Browser' with different arguments. This import is ignored.</msg>
<msg time="2025-12-21T14:55:24.458135" level="WARN">Error in file 'C:\Users\matth\PycharmProjects\OnTop\Resources\Keywords\hintKeywordsVehicleInsuranceApp.resource' on line 3: Suite 'OnTop.Resources.Controls.Table Tests' has already imported library 'Browser' with different arguments. This import is ignored.</msg>
<msg time="2025-12-21T14:55:24.461942" level="WARN">Error in file 'C:\Users\matth\PycharmProjects\OnTop\Resources\Keywords\elementlistKeywordsVehicleInsuranceApp.resource' on line 3: Suite 'OnTop.Resources.Controls.Table Tests' has already imported library 'Browser' with different arguments. This import is ignored.</msg>
<msg time="2025-12-21T14:55:27.712593" level="WARN">Error in file 'C:\Users\matth\PycharmProjects\OnTop\Resources\Controls\Textbox_Chromium.resource' on line 2: Suite 'OnTop.Resources.Controls.Table Tests' has already imported library 'Browser' with different arguments. This import is ignored.</msg>
<msg time="2025-12-21T14:55:30.242979" level="WARN">Error in file 'C:\Users\matth\PycharmProjects\OnTop\Resources\Controls\Password_Chromium.resource' on line 3: Suite 'OnTop.Resources.Controls.Table Tests' has already imported library 'Browser' with different arguments. This import is ignored.</msg>
<msg time="2025-12-21T14:55:31.446861" level="WARN">Error in file 'C:\Users\matth\PycharmProjects\OnTop\Resources\Controls\Button_Chromium.resource' on line 3: Suite 'OnTop.Resources.Controls.Table Tests' has already imported library 'Browser' with different arguments. This import is ignored.</msg>
<msg time="2025-12-21T14:55:37.925855" level="WARN">Error in file 'C:\Users\matth\PycharmProjects\OnTop\Resources\Controls\Menu_Chromium.resource' on line 3: Suite 'OnTop.Resources.Controls.Table Tests' has already imported library 'Browser' with different arguments. This import is ignored.</msg>
<msg time="2025-12-21T14:55:39.586573" level="WARN">Error in file 'C:\Users\matth\PycharmProjects\OnTop\Resources\Controls\Page_Chromium.resource' on line 3: Suite 'OnTop.Resources.Controls.Table Tests' has already imported library 'Browser' with different arguments. This import is ignored.</msg>
<msg time="2025-12-21T14:55:41.122562" level="WARN">Error in file 'C:\Users\matth\PycharmProjects\OnTop\Resources\Controls\Table_Chromium.resource' on line 3: Suite 'OnTop.Resources.Controls.Table Tests' has already imported library 'Browser' with different arguments. This import is ignored.</msg>
</errors>
</robot>
